2020-12-16 22:47:16 INFO  DataProviderCSV:157 - Optional[[]]
2020-12-16 22:48:23 INFO  DataProviderCSV:157 - Optional[[]]
2020-12-16 22:49:08 INFO  DataProviderCSV:157 - Optional[[]]
2020-12-16 22:49:27 INFO  DataProviderCSV:84 - ./src/main/resources/data/csv/ru.sfedu.mavenproject.models.City.csv
2020-12-16 22:49:27 INFO  DataProviderCSV:157 - Optional[[]]
2020-12-16 22:50:38 INFO  DataProviderCSV:116 - ru.sfedu.mavenproject.models.City
2020-12-16 22:50:38 INFO  DataProviderCSV:84 - ./src/main/resources/data/csv/ru.sfedu.mavenproject.models.City.csv
2020-12-16 22:50:38 INFO  DataProviderCSV:158 - Optional[[]]
2020-12-16 22:51:58 INFO  DataProviderCSV:116 - city
2020-12-16 22:51:58 INFO  DataProviderCSV:158 - Optional[[]]
2020-12-16 22:52:06 INFO  DataProviderCSV:116 - city
2020-12-16 22:52:06 INFO  DataProviderCSV:84 - ./src/main/resources/data/csv/city.csv
2020-12-16 22:52:07 INFO  DataProviderCSV:158 - Optional[[]]
2020-12-16 22:54:28 INFO  DataProviderCSV:156 - []
2020-12-16 22:55:53 INFO  DataProviderCSV:160 - [City{id=1, name='Rostov'}]
2020-12-16 23:01:34 INFO  DataProviderCSV:162 - [City{id=5676978264813682994, name='Rostov'}]
2020-12-16 23:02:45 INFO  DataProviderCSV:162 - [City{id=4975072777568929852, name='Rostov'}]
2020-12-16 23:10:26 INFO  DataProviderCSV:190 - [City{id=1942585699279652751, name='Rostov'}]
2020-12-16 23:11:01 INFO  DataProviderCSV:190 - [City{id=1942585699279652751, name='Rostov'}, City{id=8775729791066064113, name='Moscow'}]
2020-12-16 23:14:25 INFO  DataProviderCSV:196 - [City{id=1942585699279652751, name='Rostov'}, City{id=8775729791066064113, name='Moscow'}, City{id=6837508019985663517, name='Moscow'}]
2020-12-16 23:26:52 INFO  DataProviderCSV:199 - [City{id=1942585699279652751, name='Rostov'}, City{id=8775729791066064113, name='Moscow'}, City{id=6837508019985663517, name='Moscow'}, City{id=937471873169313451, name='makachkala'}]
2020-12-16 23:40:42 INFO  DataProviderCSV:200 - [City{id=1942585699279652751, name='Rostov'}, City{id=8775729791066064113, name='Moscow'}, City{id=6837508019985663517, name='Moscow'}, City{id=937471873169313451, name='makachkala'}, City{id=1608151242302, name='narmada'}]
2020-12-16 23:45:20 INFO  DataProviderCSV:200 - [City{id=1942585699279652751, name='Rostov'}, City{id=8775729791066064113, name='Moscow'}, City{id=6837508019985663517, name='Moscow'}, City{id=937471873169313451, name='makachkala'}, City{id=1608151242302, name='narmada'}, City{id=2138598, name='nardsmada'}]
2020-12-16 23:49:21 INFO  DataProviderCSV:187 - Optional[City{id=2138598, name='nardsmada'}]
2020-12-16 23:49:54 INFO  DataProviderCSV:187 - City{id=2138598, name='nardsmada'}
2020-12-16 23:57:51 INFO  DataProviderCSV:207 - here
2020-12-16 23:58:44 INFO  DataProviderCSV:207 - here
2020-12-16 23:58:44 INFO  DataProviderCSV:208 - java.util.stream.ReferencePipeline$3@4b14c583
2020-12-17 00:00:21 INFO  DataProviderCSV:207 - here
2020-12-17 00:00:21 INFO  DataProviderCSV:208 - [City{id=1942585699279652751, name='Rostov'}, City{id=8775729791066064113, name='Moscow'}, City{id=6837508019985663517, name='Moscow'}, City{id=937471873169313451, name='makachkala'}, City{id=1608151242302, name='narmada'}, City{id=2138598, name='Piter'}]
2020-12-17 00:01:44 INFO  DataProviderCSV:200 - [City{id=1942585699279652751, name='Rostov'}, City{id=8775729791066064113, name='Moscow'}, City{id=6837508019985663517, name='Moscow'}, City{id=937471873169313451, name='makachkala'}, City{id=1608151242302, name='narmada'}, City{id=2138598, name='Piter'}, City{id=7774642, name='London'}]
2020-12-17 22:33:45 INFO  DataProviderCSV:276 - [Place{id=4871224, address='stadion', city=City{id=7774642, name='London'}}]
2020-12-18 00:42:03 INFO  ConverterCity:23 - [7774642, 'London']
2020-12-18 00:42:03 INFO  DataProviderCSV:293 - here
2020-12-18 00:42:03 INFO  DataProviderCSV:295 - Place{id=4871224, address='stadion', city=City{id=1, name='atata'}}
2020-12-18 00:42:56 INFO  ConverterCity:23 - 7774642
2020-12-18 00:42:56 INFO  DataProviderCSV:293 - here
2020-12-18 00:42:56 INFO  DataProviderCSV:295 - Place{id=4871224, address='stadion', city=City{id=1, name='atata'}}
2020-12-18 00:43:58 INFO  ConverterCity:24 - City{id=7774642, name=''London''}
2020-12-18 00:43:58 INFO  DataProviderCSV:293 - here
2020-12-18 00:43:58 INFO  DataProviderCSV:295 - Place{id=4871224, address='stadion', city=City{id=7774642, name=''London''}}
2020-12-18 00:45:59 INFO  ConverterCity:24 - City{id=7774642, name=''London''}
2020-12-18 00:45:59 INFO  DataProviderCSV:293 - here
2020-12-18 00:45:59 INFO  DataProviderCSV:295 - Place{id=4871224, address='stadion', city=City{id=7774642, name=''London''}}
2020-12-18 15:17:27 INFO  ConverterCity:24 - City{id=7774642, name=''London''}
2020-12-18 15:17:28 INFO  DataProviderCSV:276 - [Place{id=4871224, address='stadion', city=City{id=7774642, name=''London''}}, Place{id=9431701, address='SFEDU', city=City{id=7774642, name='London'}}]
2020-12-18 15:17:51 INFO  ConverterCity:24 - City{id=7774642, name='''London'''}
2020-12-18 15:17:51 INFO  ConverterCity:24 - City{id=7774642, name=''London''}
2020-12-18 15:17:51 INFO  DataProviderCSV:276 - [Place{id=4871224, address='stadion', city=City{id=7774642, name='''London'''}}, Place{id=9431701, address='SFEDU', city=City{id=7774642, name=''London''}}, Place{id=2011950, address='kurort', city=City{id=7774642, name='London'}}]
2020-12-18 15:19:40 INFO  ConverterCity:24 - City{id=7774642, name='London'}
2020-12-18 15:19:40 INFO  ConverterCity:24 - City{id=7774642, name='London'}
2020-12-18 15:19:40 INFO  ConverterCity:24 - City{id=7774642, name='London'}
2020-12-18 15:19:40 INFO  DataProviderCSV:276 - [Place{id=4871224, address='stadion', city=City{id=7774642, name='London'}}, Place{id=9431701, address='SFEDU', city=City{id=7774642, name='London'}}, Place{id=2011950, address='kurort', city=City{id=7774642, name='London'}}, Place{id=1611910, address='kurort', city=City{id=7774642, name='London'}}]
2020-12-18 15:21:41 INFO  ConverterCity:24 - City{id=7774642, name='London'}
2020-12-18 15:21:41 INFO  ConverterCity:24 - City{id=7774642, name='London'}
2020-12-18 15:21:41 INFO  ConverterCity:24 - City{id=7774642, name='London'}
2020-12-18 15:21:41 INFO  ConverterCity:24 - City{id=7774642, name='London'}
2020-12-18 15:37:32 INFO  ConverterCity:24 - City{id=7774642, name='London'}
2020-12-18 15:37:32 INFO  ConverterCity:24 - City{id=7774642, name='London'}
2020-12-18 15:37:32 INFO  ConverterCity:24 - City{id=7774642, name='London'}
2020-12-18 15:37:32 INFO  DataProviderCSV:183 - City{id=7774642, name='London'}
2020-12-18 15:41:37 INFO  DataProviderCSV:337 - [Photographer{id=2606153, name='Maxim', expirence=3, site='Google'}]
2020-12-18 15:41:46 INFO  DataProviderCSV:337 - [Photographer{id=2606153, name='Maxim', expirence=3, site='Google'}, Photographer{id=2637603, name='Alex', expirence=2, site='Yandex'}]
2020-12-18 16:18:59 INFO  DataProviderCSV:376 - Photographer{id=2637603, name='Andrew', expirence=2, site='Yandex'}
2020-12-18 16:20:18 INFO  DataProviderCSV:377 - Photographer{id=2637603, name='Andrew', expirence=2, site='Yandex'}
2020-12-18 16:23:52 INFO  DataProviderCSV:377 - Photographer{id=2637603, name='Andrew', expirence=2, site='Yandex'}
2020-12-18 16:23:52 INFO  DataProviderCSV:319 - [Photo{id=4104346, name='dubki', path='Dagestan', photographer=Photographer{id=2637603, name='Andrew', expirence=2, site='Yandex'}}]
2020-12-18 16:30:35 INFO  CsvConverterCity:24 - Photographer{id=2637603, name='Andrew', expirence=2, site='Yandex'}
2020-12-18 16:30:35 INFO  DataProviderCSV:382 - Photographer{id=2606153, name='Maxim', expirence=3, site='Google'}
2020-12-18 16:30:35 INFO  DataProviderCSV:319 - [Photo{id=4104346, name='dubki', path='Dagestan', photographer=Photographer{id=2637603, name='Andrew', expirence=2, site='Yandex'}}, Photo{id=6830188, name='myurego', path='Dagestan', photographer=Photographer{id=2606153, name='Maxim', expirence=3, site='Google'}}]
2020-12-18 16:31:12 INFO  CsvConverterCity:24 - Photographer{id=2637603, name='Andrew', expirence=2, site='Yandex'}
2020-12-18 16:31:12 INFO  CsvConverterCity:24 - Photographer{id=2606153, name='Maxim', expirence=3, site='Google'}
2020-12-18 16:33:15 INFO  CsvConverterCity:24 - Photographer{id=2606153, name='Maxim', expirence=3, site='Google'}
2020-12-18 16:33:15 INFO  DataProviderCSV:338 - Photo{id=6830188, name='myurego', path='Dagestan', photographer=Photographer{id=2606153, name='Maxim', expirence=3, site='Google'}}
2020-12-19 15:44:24 INFO  CsvConverterCity:22 - City{id=7774642, name='London'}
2020-12-19 15:44:24 INFO  CsvConverterCity:22 - City{id=7774642, name='London'}
2020-12-19 15:44:24 INFO  CsvConverterCity:22 - City{id=7774642, name='London'}
2020-12-19 15:44:24 INFO  DataProviderCSV:371 - Place{id=4871224, address='stadion', city=City{id=7774642, name='London'}}
2020-12-19 15:45:15 INFO  CsvConverterCity:22 - City{id=7774642, name='London'}
2020-12-19 15:45:15 INFO  CsvConverterCity:22 - City{id=7774642, name='London'}
2020-12-19 15:45:15 INFO  CsvConverterCity:22 - City{id=7774642, name='London'}
2020-12-19 15:45:15 INFO  DataProviderCSV:371 - Place{id=2011950, address='SFEDU', city=City{id=7774642, name='London'}}
2020-12-19 15:45:50 INFO  CsvConverterCity:22 - City{id=7774642, name='London'}
2020-12-19 15:45:50 INFO  CsvConverterCity:22 - City{id=7774642, name='London'}
2020-12-19 15:45:50 INFO  CsvConverterCity:22 - City{id=7774642, name='London'}
2020-12-19 15:45:50 INFO  DataProviderCSV:372 - Place{id=2011950, address='SFEDU', city=City{id=7774642, name='London'}}
2020-12-19 15:45:50 INFO  DataProviderCSV:300 - null
2020-12-19 15:45:50 INFO  CsvConverterCity:22 - City{id=7774642, name='London'}
2020-12-19 15:45:50 INFO  CsvConverterCity:22 - City{id=7774642, name='London'}
2020-12-19 15:45:50 INFO  CsvConverterCity:22 - City{id=7774642, name='London'}
2020-12-19 15:45:50 INFO  DataProviderCSV:372 - Place{id=2011950, address='SFEDU', city=City{id=7774642, name='London'}}
2020-12-19 15:46:41 INFO  DataProviderCSV:300 - 2011950
2020-12-19 15:46:41 INFO  CsvConverterCity:22 - City{id=7774642, name='London'}
2020-12-19 15:46:41 INFO  CsvConverterCity:22 - City{id=7774642, name='London'}
2020-12-19 15:46:41 INFO  CsvConverterCity:22 - City{id=7774642, name='London'}
2020-12-19 15:46:41 INFO  DataProviderCSV:372 - Place{id=2011950, address='SFEDU', city=City{id=7774642, name='London'}}
2020-12-19 15:47:03 INFO  CsvConverterCity:22 - City{id=7774642, name='London'}
2020-12-19 15:47:03 INFO  CsvConverterCity:22 - City{id=7774642, name='London'}
2020-12-19 15:47:03 INFO  CsvConverterCity:22 - City{id=7774642, name='London'}
2020-12-19 15:47:03 INFO  DataProviderCSV:372 - Place{id=2011950, address='SFEDU', city=City{id=7774642, name='London'}}
2020-12-19 15:47:03 INFO  DataProviderCSV:300 - null
2020-12-19 15:47:03 INFO  CsvConverterCity:22 - City{id=7774642, name='London'}
2020-12-19 15:47:03 INFO  CsvConverterCity:22 - City{id=7774642, name='London'}
2020-12-19 15:47:03 INFO  CsvConverterCity:22 - City{id=7774642, name='London'}
2020-12-19 15:47:03 INFO  DataProviderCSV:372 - Place{id=2011950, address='SFEDU', city=City{id=7774642, name='London'}}
2020-12-19 15:48:02 INFO  CsvConverterCity:22 - City{id=7774642, name='London'}
2020-12-19 15:48:02 INFO  CsvConverterCity:22 - City{id=7774642, name='London'}
2020-12-19 15:48:02 INFO  CsvConverterCity:22 - City{id=7774642, name='London'}
2020-12-19 15:48:02 INFO  DataProviderCSV:372 - Place{id=2011950, address='SFEDU', city=City{id=7774642, name='London'}}
2020-12-19 15:48:02 INFO  DataProviderCSV:300 - Report{status=SUCCESS, message='success', body=Place{id=2011950, address='SFEDU', city=City{id=7774642, name='London'}}}
2020-12-19 15:48:02 INFO  CsvConverterCity:22 - City{id=7774642, name='London'}
2020-12-19 15:48:02 INFO  CsvConverterCity:22 - City{id=7774642, name='London'}
2020-12-19 15:48:02 INFO  CsvConverterCity:22 - City{id=7774642, name='London'}
2020-12-19 15:48:02 INFO  DataProviderCSV:372 - Place{id=2011950, address='SFEDU', city=City{id=7774642, name='London'}}
2020-12-19 15:48:02 INFO  DataProviderCSV:311 - FootballEvent{team1='zenit', team2='cska'}
2020-12-19 15:49:25 INFO  CsvConverterCity:22 - City{id=7774642, name='London'}
2020-12-19 15:49:25 INFO  CsvConverterCity:22 - City{id=7774642, name='London'}
2020-12-19 15:49:25 INFO  CsvConverterCity:22 - City{id=7774642, name='London'}
2020-12-19 15:49:25 INFO  DataProviderCSV:372 - Place{id=2011950, address='SFEDU', city=City{id=7774642, name='London'}}
2020-12-19 15:49:25 INFO  DataProviderCSV:311 - FootballEvent{team1='zenit', team2='cska'}
2020-12-19 15:53:18 INFO  CsvConverterCity:22 - City{id=7774642, name='London'}
2020-12-19 15:53:18 INFO  CsvConverterCity:22 - City{id=7774642, name='London'}
2020-12-19 15:53:18 INFO  CsvConverterCity:22 - City{id=7774642, name='London'}
2020-12-19 15:53:18 INFO  DataProviderCSV:402 - Place{id=2011950, address='SFEDU', city=City{id=7774642, name='London'}}
2020-12-19 15:53:18 INFO  DataProviderCSV:351 - MusicEvent{artist='Lady Gaga'}
2020-12-19 15:54:20 INFO  CsvConverterCity:22 - City{id=7774642, name='London'}
2020-12-19 15:54:20 INFO  CsvConverterCity:22 - City{id=7774642, name='London'}
2020-12-19 15:54:20 INFO  CsvConverterCity:22 - City{id=7774642, name='London'}
2020-12-19 15:54:20 INFO  DataProviderCSV:402 - Place{id=2011950, address='SFEDU', city=City{id=7774642, name='London'}}
2020-12-19 15:54:20 INFO  DataProviderCSV:331 - ITEvent{stack='javascript'}
2020-12-19 22:51:58 INFO  DataProviderCSV:243 - [6830188]
2020-12-19 22:52:02 INFO  DataProviderCSV:243 - [6830188]
2020-12-19 22:52:10 INFO  DataProviderCSV:243 - [6830188]
2020-12-19 22:52:56 INFO  DataProviderCSV:243 - [6830188]
2020-12-19 22:54:12 INFO  DataProviderCSV:243 - [6830188]
2020-12-19 22:54:46 INFO  DataProviderCSV:243 - [6830188]
2020-12-19 22:55:22 INFO  DataProviderCSV:243 - [6830188]
2020-12-19 22:55:44 INFO  DataProviderCSV:243 - [6830188]
2020-12-19 22:55:44 INFO  DataProviderCSV:283 - here
2020-12-19 22:56:32 INFO  CsvConverterCity:22 - City{id=7774642, name='London'}
2020-12-19 22:56:32 INFO  CsvConverterCity:22 - City{id=7774642, name='London'}
2020-12-19 22:56:32 INFO  CsvConverterCity:22 - City{id=7774642, name='London'}
2020-12-19 22:56:32 INFO  DataProviderCSV:467 - Place{id=2011950, address='SFEDU', city=City{id=7774642, name='London'}}
2020-12-19 22:56:32 INFO  DataProviderCSV:396 - ITEvent{stack='javascript'}
2020-12-19 22:57:21 INFO  DataProviderCSV:243 - [6830188]
2020-12-19 22:57:21 INFO  DataProviderCSV:283 - here
2020-12-19 23:04:00 INFO  DataProviderCSV:243 - [6830188]
2020-12-19 23:04:43 INFO  DataProviderCSV:243 - [6830188]
2020-12-19 23:04:59 INFO  DataProviderCSV:243 - [6830188]
2020-12-19 23:04:59 INFO  CsvConverterCity:22 - [2011950, SFEDU, City{id, London}]
2020-12-19 23:05:22 INFO  DataProviderCSV:243 - [6830188]
2020-12-19 23:05:22 INFO  CsvConverterCity:22 - Place{id=2011950, address='SFEDU', city=City{id=7774642, name='London'}}
2020-12-19 23:07:12 INFO  DataProviderCSV:243 - [6830188]
2020-12-19 23:07:12 INFO  BaseUtil:22 - id=2011950, address='SFEDU', city=City{id=7774642, name='London'}
2020-12-19 23:07:12 INFO  CsvConverterCity:22 - Place{id=2011950, address='SFEDU', city=City{id=7774642, name='London'}}
2020-12-19 23:08:04 INFO  DataProviderCSV:243 - [6830188]
2020-12-19 23:08:04 INFO  BaseUtil:22 - [Ljava.lang.String;@21897ec2
2020-12-19 23:08:04 INFO  CsvConverterCity:22 - Place{id=2011950, address='SFEDU', city=City{id=7774642, name='London'}}
2020-12-19 23:09:08 INFO  DataProviderCSV:243 - [6830188]
2020-12-19 23:09:08 INFO  BaseUtil:23 - java.util.stream.ReferencePipeline$3@383f424c
2020-12-19 23:09:08 INFO  CsvConverterCity:22 - Place{id=2011950, address='SFEDU', city=City{id=7774642, name='London'}}
2020-12-19 23:10:28 INFO  DataProviderCSV:243 - [6830188]
2020-12-19 23:10:28 INFO  BaseUtil:23 - id=2011950
2020-12-19 23:10:28 INFO  BaseUtil:23 - address='SFEDU'
2020-12-19 23:10:28 INFO  BaseUtil:23 - city=City{id=7774642
2020-12-19 23:10:28 INFO  BaseUtil:23 - name='London'}
2020-12-19 23:10:28 INFO  CsvConverterCity:22 - Place{id=2011950, address='SFEDU', city=City{id=7774642, name='London'}}
2020-12-19 23:15:06 INFO  DataProviderCSV:243 - [6830188]
2020-12-19 23:15:07 INFO  BaseUtil:24 - id
2020-12-19 23:15:07 INFO  BaseUtil:24 - 2011950, address
2020-12-19 23:15:07 INFO  BaseUtil:24 - 'SFEDU', city
2020-12-19 23:15:07 INFO  BaseUtil:24 - City{id
2020-12-19 23:15:07 INFO  BaseUtil:24 - 7774642, name
2020-12-19 23:15:07 INFO  BaseUtil:24 - 'London'}
2020-12-19 23:15:07 INFO  CsvConverterCity:22 - Place{id=2011950, address='SFEDU', city=City{id=7774642, name='London'}}
2020-12-19 23:16:01 INFO  DataProviderCSV:243 - [6830188]
2020-12-19 23:16:01 INFO  BaseUtil:24 - Place{id
2020-12-19 23:16:01 INFO  BaseUtil:24 - 2011950, address
2020-12-19 23:16:01 INFO  BaseUtil:24 - 'SFEDU', city
2020-12-19 23:16:01 INFO  BaseUtil:24 - City{id
2020-12-19 23:16:01 INFO  BaseUtil:24 - 7774642, name
2020-12-19 23:16:01 INFO  BaseUtil:24 - 'London'}}
2020-12-19 23:16:01 INFO  CsvConverterCity:22 - Place{id=2011950, address='SFEDU', city=City{id=7774642, name='London'}}
2020-12-19 23:16:40 INFO  DataProviderCSV:243 - [6830188]
2020-12-19 23:18:09 INFO  DataProviderCSV:243 - [6830188]
2020-12-19 23:18:41 INFO  DataProviderCSV:243 - [6830188]
2020-12-19 23:18:41 INFO  BaseUtil:24 - id=7774642, name='London'
2020-12-19 23:18:41 INFO  CsvConverterCity:22 - Place{id=2011950, address='SFEDU', city=City{id=7774642, name='London'}}
2020-12-19 23:21:33 INFO  DataProviderCSV:243 - [6830188]
2020-12-19 23:21:34 INFO  CsvConverterCity:18 - id=2011950, address='SFEDU', city=City{id=7774642, name='London'}
2020-12-19 23:21:34 INFO  CsvConverterCity:29 - Place{id=0, address='null', city=null}
2020-12-19 23:22:01 INFO  DataProviderCSV:243 - [6830188]
2020-12-19 23:22:02 INFO  CsvConverterPlace:18 - id=2011950, address='SFEDU', city=City{id=7774642, name='London'}
2020-12-19 23:22:02 INFO  CsvConverterPlace:29 - Place{id=0, address='null', city=null}
2020-12-19 23:30:50 INFO  DataProviderCSV:243 - [6830188]
2020-12-19 23:30:50 INFO  CsvConverterPlace:21 - id=2011950, address='SFEDU', city=City{id=7774642, name='London'}
2020-12-19 23:30:50 INFO  CsvConverterPlace:28 - [id=2011950, , address='SFEDU', city=City{id=7774642, , name='London'}]
2020-12-19 23:30:50 INFO  CsvConverterPlace:39 - Place{id=0, address='null', city=null}
2020-12-19 23:31:47 INFO  DataProviderCSV:243 - [6830188]
2020-12-19 23:31:47 INFO  CsvConverterPlace:21 - id=2011950, address='SFEDU', city=City{id=7774642, name='London'}
2020-12-19 23:31:47 INFO  CsvConverterPlace:28 - id=2011950
2020-12-19 23:31:47 INFO  CsvConverterPlace:28 - , address='SFEDU', city=City{id=7774642
2020-12-19 23:31:47 INFO  CsvConverterPlace:28 - , name='London'}
2020-12-19 23:31:47 INFO  CsvConverterPlace:39 - Place{id=0, address='null', city=null}
2020-12-19 23:33:20 INFO  DataProviderCSV:243 - [6830188]
2020-12-19 23:33:20 INFO  CsvConverterPlace:21 - id=2011950, address='SFEDU', city=City{id=7774642, name='London'}
2020-12-19 23:33:20 INFO  CsvConverterPlace:28 - id=2011950
2020-12-19 23:33:20 INFO  CsvConverterPlace:28 -  address='SFEDU', city=City{id=7774642
2020-12-19 23:33:20 INFO  CsvConverterPlace:28 - , name='London'}
2020-12-19 23:33:20 INFO  CsvConverterPlace:39 - Place{id=0, address='null', city=null}
2020-12-19 23:37:25 INFO  DataProviderCSV:243 - [6830188]
2020-12-19 23:37:25 INFO  CsvConverterPlace:21 - id=2011950, address='SFEDU', city=City{id=7774642, name='London'}
2020-12-19 23:38:13 INFO  DataProviderCSV:243 - [6830188]
2020-12-19 23:38:13 INFO  CsvConverterPlace:21 - id=2011950, address='SFEDU', city=City{id=7774642, name='London'}
2020-12-19 23:38:13 INFO  CsvConverterPlace:24 - 10
2020-12-19 23:38:39 INFO  DataProviderCSV:243 - [6830188]
2020-12-19 23:38:40 INFO  CsvConverterPlace:21 - id=2011950, address='SFEDU', city=City{id=7774642, name='London'}
2020-12-19 23:38:40 INFO  CsvConverterPlace:24 - 10
2020-12-19 23:38:40 INFO  CsvConverterPlace:25 - 10
2020-12-19 23:38:54 INFO  DataProviderCSV:243 - [6830188]
2020-12-19 23:38:55 INFO  CsvConverterPlace:21 - id=2011950, address='SFEDU', city=City{id=7774642, name='London'}
2020-12-19 23:38:55 INFO  CsvConverterPlace:24 - 10
2020-12-19 23:38:55 INFO  CsvConverterPlace:25 - 27
2020-12-19 23:38:55 INFO  CsvConverterPlace:33 - id=2011950
2020-12-19 23:38:55 INFO  CsvConverterPlace:33 -  address='SFEDU'
2020-12-19 23:38:55 INFO  CsvConverterPlace:33 - , city=City{id=7774642, name='London'}
2020-12-19 23:38:55 INFO  CsvConverterPlace:44 - Place{id=0, address='null', city=null}
2020-12-19 23:39:27 INFO  DataProviderCSV:243 - [6830188]
2020-12-19 23:39:27 INFO  CsvConverterPlace:21 - id=2011950, address='SFEDU', city=City{id=7774642, name='London'}
2020-12-19 23:39:27 INFO  CsvConverterPlace:24 - 10
2020-12-19 23:39:27 INFO  CsvConverterPlace:25 - 27
2020-12-19 23:39:27 INFO  CsvConverterPlace:33 - id=2011950
2020-12-19 23:39:27 INFO  CsvConverterPlace:33 - address='SFEDU'
2020-12-19 23:39:27 INFO  CsvConverterPlace:33 - city=City{id=7774642, name='London'}
2020-12-19 23:39:27 INFO  CsvConverterPlace:44 - Place{id=0, address='null', city=null}
2020-12-19 23:41:58 INFO  DataProviderCSV:243 - [6830188]
2020-12-19 23:41:59 INFO  CsvConverterPlace:21 - id=2011950, address='SFEDU', city=City{id=7774642, name='London'}
2020-12-19 23:41:59 INFO  CsvConverterPlace:31 - id=2011950
2020-12-19 23:41:59 INFO  CsvConverterPlace:33 - id=2011950
2020-12-19 23:41:59 INFO  CsvConverterPlace:33 - address='SFEDU'
2020-12-19 23:41:59 INFO  CsvConverterPlace:33 - city=City{id=7774642, name='London'}
2020-12-19 23:41:59 INFO  CsvConverterPlace:44 - Place{id=0, address='null', city=null}
2020-12-19 23:42:23 INFO  DataProviderCSV:243 - [6830188]
2020-12-19 23:42:23 INFO  CsvConverterPlace:21 - id=2011950, address='SFEDU', city=City{id=7774642, name='London'}
2020-12-19 23:43:38 INFO  DataProviderCSV:243 - [6830188]
2020-12-19 23:43:39 INFO  CsvConverterPlace:21 - id=2011950, address='SFEDU', city=City{id=7774642, name='London'}
2020-12-19 23:43:39 INFO  CsvConverterPlace:31 - id=2011950
2020-12-19 23:43:39 INFO  CsvConverterPlace:31 - address='SFEDU'
2020-12-19 23:43:39 INFO  CsvConverterPlace:31 - city=City{id=7774642, name='London'}
2020-12-19 23:43:39 INFO  CsvConverterPlace:43 - Place{id=2011950, address='null', city=null}
2020-12-19 23:45:29 INFO  DataProviderCSV:243 - [6830188]
2020-12-19 23:45:29 INFO  CsvConverterPlace:21 - id=2011950, address='SFEDU', city=City{id=7774642, name='London'}
2020-12-19 23:45:29 INFO  CsvConverterPlace:31 - id=2011950
2020-12-19 23:45:29 INFO  CsvConverterPlace:31 - address='SFEDU'
2020-12-19 23:45:29 INFO  CsvConverterPlace:31 - city=City{id=7774642, name='London'}
2020-12-19 23:45:29 INFO  CsvConverterPlace:21 - id=7774642, name='London'
2020-12-19 23:45:58 INFO  DataProviderCSV:243 - [6830188]
2020-12-19 23:46:45 INFO  DataProviderCSV:243 - [6830188]
2020-12-19 23:46:45 INFO  CsvConverterCity:22 - City{id=7774642, name='London'}
2020-12-19 23:46:45 INFO  CsvConverterPlace:42 - Place{id=2011950, address=''SFEDU'', city=City{id=7774642, name='London'}}
2020-12-19 23:47:55 INFO  DataProviderCSV:243 - [6830188]
2020-12-19 23:47:55 INFO  CsvConverterCity:22 - City{id=7774642, name='London'}
2020-12-19 23:47:55 INFO  CsvConverterPlace:42 - Place{id=2011950, address='SFEDU', city=City{id=7774642, name='London'}}
2020-12-19 23:49:32 INFO  DataProviderCSV:243 - [6830188]
2020-12-19 23:49:32 INFO  CsvConverterCity:22 - City{id=7774642, name='London'}
2020-12-19 23:49:32 INFO  CsvConverterPlace:35 - Place{id=2011950, address='SFEDU', city=City{id=7774642, name='London'}}
2020-12-20 00:59:51 INFO  DataProviderCSV:243 - [6830188]
2020-12-20 01:00:36 INFO  CsvConverterCity:22 - City{id=7774642, name='London'}
2020-12-20 01:00:36 INFO  CsvConverterCity:22 - City{id=7774642, name='London'}
2020-12-20 01:00:36 INFO  CsvConverterCity:22 - City{id=7774642, name='London'}
2020-12-20 01:00:36 INFO  DataProviderCSV:464 - Place{id=2011950, address='SFEDU', city=City{id=7774642, name='London'}}
2020-12-20 01:00:52 INFO  CsvConverterCity:22 - City{id=7774642, name='London'}
2020-12-20 01:00:52 INFO  CsvConverterCity:22 - City{id=7774642, name='London'}
2020-12-20 01:00:52 INFO  CsvConverterCity:22 - City{id=7774642, name='London'}
2020-12-20 01:00:52 INFO  DataProviderCSV:464 - Place{id=2011950, address='SFEDU', city=City{id=7774642, name='London'}}
2020-12-20 01:03:16 INFO  CsvConverterCity:22 - City{id=7774642, name='London'}
2020-12-20 01:03:16 INFO  CsvConverterCity:22 - City{id=7774642, name='London'}
2020-12-20 01:03:16 INFO  CsvConverterCity:22 - City{id=7774642, name='London'}
2020-12-20 01:03:16 INFO  DataProviderCSV:464 - Place{id=2011950, address='SFEDU', city=City{id=7774642, name='London'}}
2020-12-20 01:03:17 INFO  DataProviderCSV:393 - ITEvent{stack='javascript'}
2020-12-20 01:04:29 INFO  DataProviderCSV:243 - [6830188]
2020-12-20 01:05:08 INFO  DataProviderCSV:243 - [6830188]
2020-12-20 01:05:08 INFO  CsvConverterIds:22 - [6830188]
2020-12-20 01:05:43 INFO  DataProviderCSV:243 - [6830188]
2020-12-20 01:05:43 INFO  CsvConverterIds:22 - [6830188]
2020-12-20 01:06:22 INFO  DataProviderCSV:243 - [6830188]
2020-12-20 01:06:22 INFO  CsvConverterIds:23 - [6830188]
2020-12-20 01:06:32 INFO  DataProviderCSV:243 - [6830188]
2020-12-20 01:06:32 INFO  CsvConverterIds:23 - [6830188]
2020-12-20 01:06:32 INFO  CsvConverterIds:26 - 6830188
2020-12-20 01:06:32 INFO  CsvConverterCity:22 - City{id=7774642, name='London'}
2020-12-20 01:06:32 INFO  CsvConverterPlace:35 - Place{id=2011950, address='SFEDU', city=City{id=7774642, name='London'}}
2020-12-20 01:06:32 INFO  DataProviderCSV:287 - here
2020-12-20 01:06:32 INFO  CsvConverterCity:22 - City{id=7774642, name='London'}
2020-12-20 01:06:32 INFO  CsvConverterCity:22 - City{id=7774642, name='London'}
2020-12-20 01:06:32 INFO  CsvConverterCity:22 - City{id=7774642, name='London'}
2020-12-20 01:06:32 INFO  DataProviderCSV:464 - Place{id=2011950, address='SFEDU', city=City{id=7774642, name='London'}}
2020-12-20 01:06:32 INFO  DataProviderCSV:291 - Place{id=2011950, address='SFEDU', city=City{id=7774642, name='London'}}
2020-12-20 01:06:59 INFO  DataProviderCSV:243 - [6830188]
2020-12-20 01:07:00 INFO  CsvConverterIds:23 - [6830188]
2020-12-20 01:07:00 INFO  CsvConverterIds:26 - 6830188
2020-12-20 01:07:00 INFO  CsvConverterCity:22 - City{id=7774642, name='London'}
2020-12-20 01:07:00 INFO  CsvConverterPlace:35 - Place{id=2011950, address='SFEDU', city=City{id=7774642, name='London'}}
2020-12-20 01:07:00 INFO  DataProviderCSV:287 - here
2020-12-20 01:07:00 INFO  CsvConverterCity:22 - City{id=7774642, name='London'}
2020-12-20 01:07:00 INFO  CsvConverterCity:22 - City{id=7774642, name='London'}
2020-12-20 01:07:00 INFO  CsvConverterCity:22 - City{id=7774642, name='London'}
2020-12-20 01:07:00 INFO  DataProviderCSV:464 - Place{id=2011950, address='SFEDU', city=City{id=7774642, name='London'}}
2020-12-20 01:07:00 INFO  DataProviderCSV:291 - Place{id=2011950, address='SFEDU', city=City{id=7774642, name='London'}}
2020-12-20 01:09:55 INFO  CsvConverterCity:24 - Photographer{id=2606153, name='Maxim', expirence=3, site='Google'}
2020-12-20 01:09:55 INFO  DataProviderCSV:547 - Photographer{id=2606153, name='Maxim', expirence=3, site='Google'}
2020-12-20 01:09:55 INFO  DataProviderCSV:480 - [Photo{id=6830188, name='myurego', path='Dagestan', photographer=Photographer{id=2606153, name='Maxim', expirence=3, site='Google'}}, Photo{id=3279380, name='myurego', path='vk.com/images/img.jpeg', photographer=Photographer{id=2606153, name='Maxim', expirence=3, site='Google'}}]
2020-12-20 01:10:15 INFO  DataProviderCSV:243 - [6830188, 3279380]
2020-12-20 01:10:16 INFO  CsvConverterIds:23 - [6830188]
2020-12-20 01:10:16 INFO  CsvConverterIds:26 - 6830188
2020-12-20 01:10:16 INFO  CsvConverterCity:22 - City{id=7774642, name='London'}
2020-12-20 01:10:16 INFO  CsvConverterPlace:35 - Place{id=2011950, address='SFEDU', city=City{id=7774642, name='London'}}
2020-12-20 01:10:16 INFO  DataProviderCSV:287 - here
2020-12-20 01:10:16 INFO  CsvConverterCity:22 - City{id=7774642, name='London'}
2020-12-20 01:10:16 INFO  CsvConverterCity:22 - City{id=7774642, name='London'}
2020-12-20 01:10:16 INFO  CsvConverterCity:22 - City{id=7774642, name='London'}
2020-12-20 01:10:16 INFO  DataProviderCSV:464 - Place{id=2011950, address='SFEDU', city=City{id=7774642, name='London'}}
2020-12-20 01:10:16 INFO  DataProviderCSV:291 - Place{id=2011950, address='SFEDU', city=City{id=7774642, name='London'}}
2020-12-20 01:12:06 INFO  CsvConverterCity:22 - City{id=7774642, name='London'}
2020-12-20 01:12:06 INFO  CsvConverterCity:22 - City{id=7774642, name='London'}
2020-12-20 01:12:06 INFO  CsvConverterCity:22 - City{id=7774642, name='London'}
2020-12-20 01:12:06 INFO  DataProviderCSV:464 - Place{id=2011950, address='SFEDU', city=City{id=7774642, name='London'}}
2020-12-20 01:12:06 INFO  DataProviderCSV:373 - FootballEvent{team1='Real Madrid', team2='Bayern'}
2020-12-20 01:12:48 INFO  CsvConverterIds:23 - [6830188, 3279380]
2020-12-20 01:12:48 INFO  CsvConverterIds:26 - 6830188
2020-12-20 01:12:48 INFO  CsvConverterIds:26 - 3279380
2020-12-20 01:12:48 INFO  CsvConverterCity:22 - City{id=7774642, name='London'}
2020-12-20 01:12:48 INFO  CsvConverterPlace:35 - Place{id=2011950, address='SFEDU', city=City{id=7774642, name='London'}}
2020-12-20 01:12:49 INFO  CsvConverterCity:22 - City{id=7774642, name='London'}
2020-12-20 01:12:49 INFO  CsvConverterCity:22 - City{id=7774642, name='London'}
2020-12-20 01:12:49 INFO  CsvConverterCity:22 - City{id=7774642, name='London'}
2020-12-20 01:12:49 INFO  DataProviderCSV:464 - Place{id=2011950, address='SFEDU', city=City{id=7774642, name='London'}}
2020-12-20 01:18:14 INFO  CsvConverterIds:23 - [6830188, 3279380]
2020-12-20 01:18:14 INFO  CsvConverterIds:26 - 6830188
2020-12-20 01:18:14 INFO  CsvConverterIds:26 - 3279380
2020-12-20 01:18:14 INFO  CsvConverterCity:22 - City{id=7774642, name='London'}
2020-12-20 01:18:14 INFO  CsvConverterPlace:35 - Place{id=2011950, address='SFEDU', city=City{id=7774642, name='London'}}
2020-12-20 01:22:37 INFO  CsvConverterIds:23 - [6830188, 3279380]
2020-12-20 01:22:37 INFO  CsvConverterIds:26 - 6830188
2020-12-20 01:22:37 INFO  CsvConverterIds:26 - 3279380
2020-12-20 01:22:37 INFO  CsvConverterCity:22 - City{id=7774642, name='London'}
2020-12-20 01:22:37 INFO  CsvConverterPlace:35 - Place{id=2011950, address='SFEDU', city=City{id=7774642, name='London'}}
2020-12-20 01:22:37 INFO  DataProviderCSV:175 - ITEvent{stack='php'}
2020-12-20 01:23:44 INFO  CsvConverterIds:23 - [6830188, 3279380]
2020-12-20 01:23:44 INFO  CsvConverterIds:26 - 6830188
2020-12-20 01:23:44 INFO  CsvConverterIds:26 - 3279380
2020-12-20 01:23:44 INFO  CsvConverterCity:22 - City{id=7774642, name='London'}
2020-12-20 01:23:44 INFO  CsvConverterPlace:35 - Place{id=2011950, address='SFEDU', city=City{id=7774642, name='London'}}
2020-12-20 01:23:44 INFO  DataProviderCSV:175 - ITEvent{stack='php'}
2020-12-20 01:24:22 INFO  CsvConverterIds:23 - [6830188, 3279380]
2020-12-20 01:24:22 INFO  CsvConverterIds:26 - 6830188
2020-12-20 01:24:22 INFO  CsvConverterIds:26 - 3279380
2020-12-20 01:24:22 INFO  CsvConverterCity:22 - City{id=7774642, name='London'}
2020-12-20 01:24:22 INFO  CsvConverterPlace:35 - Place{id=2011950, address='SFEDU', city=City{id=7774642, name='London'}}
2020-12-20 01:24:22 INFO  DataProviderCSV:175 - ITEvent{stack='php'}
2020-12-20 01:26:58 INFO  CsvConverterIds:23 - [6830188, 3279380]
2020-12-20 01:26:58 INFO  CsvConverterIds:26 - 6830188
2020-12-20 01:26:58 INFO  CsvConverterIds:26 - 3279380
2020-12-20 01:26:58 INFO  CsvConverterCity:22 - City{id=7774642, name='London'}
2020-12-20 01:26:58 INFO  CsvConverterPlace:35 - Place{id=2011950, address='SFEDU', city=City{id=7774642, name='London'}}
2020-12-20 01:26:58 INFO  DataProviderCSV:175 - ITEvent{stack='php'}
2020-12-20 01:33:38 INFO  CsvConverterIds:23 - [6830188, 3279380]
2020-12-20 01:33:38 INFO  CsvConverterIds:26 - 6830188
2020-12-20 01:33:38 INFO  CsvConverterIds:26 - 3279380
2020-12-20 01:33:38 INFO  CsvConverterCity:22 - City{id=7774642, name='London'}
2020-12-20 01:33:38 INFO  CsvConverterPlace:35 - Place{id=2011950, address='SFEDU', city=City{id=7774642, name='London'}}
2020-12-20 01:33:38 INFO  DataProviderCSV:175 - ITEvent{Event{id=12434570, name='BackendConf', date='18-12-2020', time='20:00', price='1000r', photos=[6830188, 3279380], place=Place{id=2011950, address='SFEDU', city=City{id=7774642, name='London'}}}stack='php'}
2020-12-20 01:48:34 INFO  CsvConverterIds:23 - [6830188, 3279380]
2020-12-20 01:48:34 INFO  CsvConverterIds:26 - 6830188
2020-12-20 01:48:34 INFO  CsvConverterIds:26 - 3279380
2020-12-20 01:48:34 INFO  CsvConverterCity:22 - City{id=7774642, name='London'}
2020-12-20 01:48:34 INFO  CsvConverterPlace:35 - Place{id=2011950, address='SFEDU', city=City{id=7774642, name='London'}}
2020-12-20 01:48:34 INFO  DataProviderCSV:176 - ITEvent{Event{id=12434570, name='BackendConf', date='18-12-2020', time='20:00', price='1000r', photos=[6830188, 3279380], place=Place{id=2011950, address='SFEDU', city=City{id=7774642, name='London'}}}stack='php'}
2020-12-20 01:48:37 INFO  CsvConverterIds:23 - [6830188, 3279380]
2020-12-20 01:48:37 INFO  CsvConverterIds:26 - 6830188
2020-12-20 01:48:37 INFO  CsvConverterIds:26 - 3279380
2020-12-20 01:48:37 INFO  CsvConverterCity:22 - City{id=7774642, name='London'}
2020-12-20 01:48:37 INFO  CsvConverterPlace:35 - Place{id=2011950, address='SFEDU', city=City{id=7774642, name='London'}}
2020-12-20 01:48:37 INFO  DataProviderCSV:176 - ITEvent{Event{id=12434570, name='BackendConf', date='18-12-2020', time='20:00', price='1000r', photos=[6830188, 3279380], place=Place{id=2011950, address='SFEDU', city=City{id=7774642, name='London'}}}stack='php'}
2020-12-20 01:49:40 INFO  CsvConverterIds:23 - [6830188, 3279380]
2020-12-20 01:49:40 INFO  CsvConverterIds:26 - 6830188
2020-12-20 01:49:40 INFO  CsvConverterIds:26 - 3279380
2020-12-20 01:49:40 INFO  CsvConverterCity:22 - City{id=7774642, name='London'}
2020-12-20 01:49:40 INFO  CsvConverterPlace:35 - Place{id=2011950, address='SFEDU', city=City{id=7774642, name='London'}}
2020-12-20 01:49:40 INFO  DataProviderCSV:176 - ITEvent{Event{id=12434570, name='BackendConf', date='18-12-2020', time='20:00', price='1000r', photos=[6830188, 3279380], place=Place{id=2011950, address='SFEDU', city=City{id=7774642, name='London'}}}stack='php'}
2020-12-20 01:50:06 INFO  CsvConverterIds:23 - [6830188, 3279380]
2020-12-20 01:50:06 INFO  CsvConverterIds:26 - 6830188
2020-12-20 01:50:06 INFO  CsvConverterIds:26 - 3279380
2020-12-20 01:50:06 INFO  CsvConverterCity:22 - City{id=7774642, name='London'}
2020-12-20 01:50:06 INFO  CsvConverterPlace:35 - Place{id=2011950, address='SFEDU', city=City{id=7774642, name='London'}}
2020-12-20 01:50:06 INFO  DataProviderCSV:176 - ITEvent{Event{id=12434570, name='BackendConf', date='18-12-2020', time='20:00', price='1000r', photos=[6830188, 3279380], place=Place{id=2011950, address='SFEDU', city=City{id=7774642, name='London'}}}stack='php'}
2020-12-20 01:51:35 INFO  CsvConverterIds:23 - [6830188, 3279380]
2020-12-20 01:51:35 INFO  CsvConverterIds:26 - 6830188
2020-12-20 01:51:35 INFO  CsvConverterIds:26 - 3279380
2020-12-20 01:51:35 INFO  CsvConverterCity:22 - City{id=7774642, name='London'}
2020-12-20 01:51:35 INFO  CsvConverterPlace:35 - Place{id=2011950, address='SFEDU', city=City{id=7774642, name='London'}}
2020-12-20 01:51:35 INFO  DataProviderCSV:176 - ITEvent{Event{id=12434570, name='BackendConf', date='18-12-2020', time='20:00', price='1000r', photos=[6830188, 3279380], place=Place{id=2011950, address='SFEDU', city=City{id=7774642, name='London'}}}stack='php'}
2020-12-20 01:52:05 INFO  CsvConverterIds:23 - [6830188, 3279380]
2020-12-20 01:52:05 INFO  CsvConverterIds:26 - 6830188
2020-12-20 01:52:05 INFO  CsvConverterIds:26 - 3279380
2020-12-20 01:52:05 INFO  CsvConverterCity:22 - City{id=7774642, name='London'}
2020-12-20 01:52:05 INFO  CsvConverterPlace:35 - Place{id=2011950, address='SFEDU', city=City{id=7774642, name='London'}}
2020-12-20 01:52:05 INFO  DataProviderCSV:176 - ITEvent{Event{id=12434570, name='BackendConf', date='18-12-2020', time='20:00', price='1000r', photos=[6830188, 3279380], place=Place{id=2011950, address='SFEDU', city=City{id=7774642, name='London'}}}stack='php'}
2020-12-20 01:52:48 INFO  CsvConverterIds:23 - [6830188, 3279380]
2020-12-20 01:52:48 INFO  CsvConverterIds:26 - 6830188
2020-12-20 01:52:48 INFO  CsvConverterIds:26 - 3279380
2020-12-20 01:52:48 INFO  CsvConverterCity:22 - City{id=7774642, name='London'}
2020-12-20 01:52:48 INFO  CsvConverterPlace:35 - Place{id=2011950, address='SFEDU', city=City{id=7774642, name='London'}}
2020-12-20 01:52:48 INFO  DataProviderCSV:176 - ITEvent{Event{id=12434570, name='BackendConf', date='18-12-2020', time='20:00', price='1000r', photos=[6830188, 3279380], place=Place{id=2011950, address='SFEDU', city=City{id=7774642, name='London'}}}stack='php'}
2020-12-20 01:53:35 INFO  CsvConverterIds:23 - [6830188, 3279380]
2020-12-20 01:53:35 INFO  CsvConverterIds:26 - 6830188
2020-12-20 01:53:35 INFO  CsvConverterIds:26 - 3279380
2020-12-20 01:53:35 INFO  CsvConverterCity:22 - City{id=7774642, name='London'}
2020-12-20 01:53:35 INFO  CsvConverterPlace:35 - Place{id=2011950, address='SFEDU', city=City{id=7774642, name='London'}}
2020-12-20 01:53:35 INFO  DataProviderCSV:176 - ITEvent{Event{id=12434570, name='BackendConf', date='18-12-2020', time='20:00', price='1000r', photos=[6830188, 3279380], place=Place{id=2011950, address='SFEDU', city=City{id=7774642, name='London'}}}stack='php'}
2020-12-20 01:53:35 INFO  DataProviderCSV:196 - null
2020-12-20 01:53:59 INFO  CsvConverterIds:23 - [6830188, 3279380]
2020-12-20 01:53:59 INFO  CsvConverterIds:26 - 6830188
2020-12-20 01:53:59 INFO  CsvConverterIds:26 - 3279380
2020-12-20 01:53:59 INFO  CsvConverterCity:22 - City{id=7774642, name='London'}
2020-12-20 01:53:59 INFO  CsvConverterPlace:35 - Place{id=2011950, address='SFEDU', city=City{id=7774642, name='London'}}
2020-12-20 01:53:59 INFO  DataProviderCSV:176 - ITEvent{Event{id=12434570, name='BackendConf', date='18-12-2020', time='20:00', price='1000r', photos=[6830188, 3279380], place=Place{id=2011950, address='SFEDU', city=City{id=7774642, name='London'}}}stack='php'}
2020-12-20 01:53:59 INFO  DataProviderCSV:196 - null
2020-12-20 01:54:33 INFO  CsvConverterIds:23 - [6830188, 3279380]
2020-12-20 01:54:33 INFO  CsvConverterIds:26 - 6830188
2020-12-20 01:54:33 INFO  CsvConverterIds:26 - 3279380
2020-12-20 01:54:33 INFO  CsvConverterCity:22 - City{id=7774642, name='London'}
2020-12-20 01:54:33 INFO  CsvConverterPlace:35 - Place{id=2011950, address='SFEDU', city=City{id=7774642, name='London'}}
2020-12-20 01:54:33 INFO  DataProviderCSV:176 - ITEvent{Event{id=12434570, name='BackendConf', date='18-12-2020', time='20:00', price='1000r', photos=[6830188, 3279380], place=Place{id=2011950, address='SFEDU', city=City{id=7774642, name='London'}}}stack='php'}
2020-12-20 01:56:15 INFO  CsvConverterIds:23 - [6830188, 3279380]
2020-12-20 01:56:15 INFO  CsvConverterIds:26 - 6830188
2020-12-20 01:56:15 INFO  CsvConverterIds:26 - 3279380
2020-12-20 01:56:15 INFO  CsvConverterCity:22 - City{id=7774642, name='London'}
2020-12-20 01:56:15 INFO  CsvConverterPlace:35 - Place{id=2011950, address='SFEDU', city=City{id=7774642, name='London'}}
2020-12-20 01:56:15 INFO  DataProviderCSV:176 - ITEvent{Event{id=12434570, name='BackendConf', date='18-12-2020', time='20:00', price='1000r', photos=[6830188, 3279380], place=Place{id=2011950, address='SFEDU', city=City{id=7774642, name='London'}}}stack='php'}
2020-12-20 01:56:34 INFO  CsvConverterIds:23 - [6830188, 3279380]
2020-12-20 01:56:34 INFO  CsvConverterIds:26 - 6830188
2020-12-20 01:56:34 INFO  CsvConverterIds:26 - 3279380
2020-12-20 01:56:34 INFO  CsvConverterCity:22 - City{id=7774642, name='London'}
2020-12-20 01:56:34 INFO  CsvConverterPlace:35 - Place{id=2011950, address='SFEDU', city=City{id=7774642, name='London'}}
2020-12-20 01:56:34 INFO  DataProviderCSV:176 - ITEvent{Event{id=12434570, name='BackendConf', date='18-12-2020', time='20:00', price='1000r', photos=[6830188, 3279380], place=Place{id=2011950, address='SFEDU', city=City{id=7774642, name='London'}}}stack='php'}
2020-12-20 01:56:34 INFO  DataProviderCSV:196 - Report{status=SUCCESS, message='', body=ITEvent{Event{id=12434570, name='BackendConf', date='18-12-2020', time='20:00', price='1000r', photos=[6830188, 3279380], place=Place{id=2011950, address='SFEDU', city=City{id=7774642, name='London'}}}stack='php'}}
2020-12-20 01:57:43 INFO  CsvConverterIds:23 - [6830188, 3279380]
2020-12-20 01:57:43 INFO  CsvConverterIds:26 - 6830188
2020-12-20 01:57:43 INFO  CsvConverterIds:26 - 3279380
2020-12-20 01:57:43 INFO  CsvConverterCity:22 - City{id=7774642, name='London'}
2020-12-20 01:57:43 INFO  CsvConverterPlace:35 - Place{id=2011950, address='SFEDU', city=City{id=7774642, name='London'}}
2020-12-20 01:57:43 INFO  DataProviderCSV:173 - ITEvent{Event{id=12434570, name='BackendConf', date='18-12-2020', time='20:00', price='1000r', photos=[6830188, 3279380], place=Place{id=2011950, address='SFEDU', city=City{id=7774642, name='London'}}}stack='php'}
2020-12-20 01:57:43 INFO  DataProviderCSV:193 - ITEvent{Event{id=12434570, name='BackendConf', date='18-12-2020', time='20:00', price='1000r', photos=[6830188, 3279380], place=Place{id=2011950, address='SFEDU', city=City{id=7774642, name='London'}}}stack='php'}
2020-12-21 09:04:11 INFO  DataProviderCSV:230 - [City{id=1942585699279652751, name='Rostov'}, City{id=8775729791066064113, name='Moscow'}, City{id=6837508019985663517, name='Moscow'}, City{id=937471873169313451, name='makachkala'}, City{id=1608151242302, name='narmada'}, City{id=7774642, name='London'}, City{id=8429440, name='test'}]
2020-12-21 09:11:53 INFO  DataProviderCSV:230 - [City{id=1942585699279652751, name='Rostov'}, City{id=8775729791066064113, name='Moscow'}, City{id=6837508019985663517, name='Moscow'}, City{id=937471873169313451, name='makachkala'}, City{id=1608151242302, name='narmada'}, City{id=7774642, name='London'}, City{id=8429440, name='test'}, City{id=5821448, name='test'}]
2020-12-22 00:03:31 INFO  DataProviderCSV:227 - [City{id=1942585699279652751, name='Rostov'}, City{id=8775729791066064113, name='Moscow'}, City{id=6837508019985663517, name='Moscow'}, City{id=937471873169313451, name='makachkala'}, City{id=1608151242302, name='narmada'}, City{id=7774642, name='London'}, City{id=8429440, name='test'}, City{id=5821448, name='test'}, City{id=2792450, name='test'}]
2020-12-22 00:07:28 INFO  CsvConverterEvent:18 - ITEvent{Event{id=12434570, name='BackendConf', date='18-12-2020', time='20:00', price='1000r', photos=[6830188, 3279380], place=Place{id=2011950, address='SFEDU', city=City{id=7774642, name='London'}}}stack='php'}
2020-12-22 00:07:28 INFO  DataProviderCSV:205 - Ticket{id=5730980, buyerName='Khadzhimurad', payTime='2020-12-20T01:57:43.929', event=null}
2020-12-22 00:12:02 INFO  CsvConverterEvent:18 - ITEvent{Event{id=12434570, name='BackendConf', date='18-12-2020', time='20:00', price='1000r', photos=[6830188, 3279380], place=Place{id=2011950, address='SFEDU', city=City{id=7774642, name='London'}}}stack='php'}
2020-12-22 00:12:02 INFO  CsvConverterEvent:28 - Event{id=12434570
2020-12-22 00:12:02 INFO  CsvConverterEvent:28 - name='BackendConf'
2020-12-22 00:12:02 INFO  CsvConverterEvent:28 - date='18-12-2020', time='20:00', price='1000r', photos=[6830188, 3279380], place=Place{id=2011950, address='SFEDU', city=City{id=7774642, name='London'}}}stack='php'
2020-12-22 00:12:02 INFO  DataProviderCSV:205 - Ticket{id=5730980, buyerName='Khadzhimurad', payTime='2020-12-20T01:57:43.929', event=null}
2020-12-22 00:27:42 INFO  CsvConverterEvent:18 - ITEvent{Event{id=12434570, name='BackendConf', date='18-12-2020', time='20:00', price='1000r', photos=[6830188, 3279380], place=Place{id=2011950, address='SFEDU', city=City{id=7774642, name='London'}}}stack='php'}
2020-12-22 00:27:42 INFO  CsvConverterEvent:20 - Event{id=12434570, name='BackendConf', date='18-12-2020', time='20:00', price='1000r', photos=[6830188, 3279380], place=Place{id=2011950, address='SFEDU', city=City{id=7774642, name='London'}}}stack='php'
2020-12-22 00:27:42 INFO  CsvConverterEvent:29 - Event{id=12434570
2020-12-22 00:27:42 INFO  CsvConverterEvent:29 - name='BackendConf'
2020-12-22 00:27:42 INFO  CsvConverterEvent:29 - date='18-12-2020', time='20:00', price='1000r', photos=[6830188, 3279380], place=Place{id=2011950, address='SFEDU', city=City{id=7774642, name='London'}}}stack='php'
2020-12-22 00:27:42 INFO  DataProviderCSV:205 - Ticket{id=5730980, buyerName='Khadzhimurad', payTime='2020-12-20T01:57:43.929', event=null}
2020-12-22 00:29:16 INFO  CsvConverterEvent:18 - ITEvent{Event{id=12434570, name='BackendConf', date='18-12-2020', time='20:00', price='1000r', photos=[6830188, 3279380], place=Place{id=2011950, address='SFEDU', city=City{id=7774642, name='London'}}}stack='php'}
2020-12-22 00:29:16 INFO  CsvConverterEvent:20 - Event{id=12434570, name='BackendConf', date='18-12-2020', time='20:00', price='1000r', photos=[6830188, 3279380], place=Place{id=2011950, address='SFEDU', city=City{id=7774642, name='London'}}
2020-12-22 00:29:16 INFO  CsvConverterEvent:29 - Event{id=12434570
2020-12-22 00:29:16 INFO  CsvConverterEvent:29 - name='BackendConf'
2020-12-22 00:29:16 INFO  CsvConverterEvent:29 - date='18-12-2020', time='20:00', price='1000r', photos=[6830188, 3279380], place=Place{id=2011950, address='SFEDU', city=City{id=7774642, name='London'}}}stack='php'
2020-12-22 00:29:16 INFO  DataProviderCSV:205 - Ticket{id=5730980, buyerName='Khadzhimurad', payTime='2020-12-20T01:57:43.929', event=null}
2020-12-22 00:38:14 INFO  CsvConverterEvent:18 - ITEvent{Event{id=12434570, name='BackendConf', date='18-12-2020', time='20:00', price='1000r', photos=[6830188, 3279380], place=Place{id=2011950, address='SFEDU', city=City{id=7774642, name='London'}}}stack='php'}
2020-12-22 00:38:14 INFO  CsvConverterEvent:28 - Event{id=12434570, name='BackendConf', date='18-12-2020', time='20:00', price='1000r', photos=[6830188, 3279380], place=Place{id=2011950, address='SFEDU', city=City{id=7774642, name='London'}}
2020-12-22 00:38:14 INFO  CsvConverterEvent:29 - Event{id=12434570
2020-12-22 00:38:14 INFO  CsvConverterEvent:29 - name='BackendConf'
2020-12-22 00:38:14 INFO  CsvConverterEvent:29 - date='18-12-2020', time='20:00', price='1000r', photos=[6830188, 3279380], place=Place{id=2011950, address='SFEDU', city=City{id=7774642, name='London'}}}stack='php'
2020-12-22 00:38:14 INFO  DataProviderCSV:205 - Ticket{id=5730980, buyerName='Khadzhimurad', payTime='2020-12-20T01:57:43.929', event=null}
2020-12-22 00:48:40 INFO  CsvConverterEvent:18 - ITEvent{Event{id=12434570, name='BackendConf', date='18-12-2020', time='20:00', price='1000r', photos=[6830188, 3279380], place=Place{id=2011950, address='SFEDU', city=City{id=7774642, name='London'}}}stack='php'}
2020-12-22 00:48:40 INFO  CsvConverterEvent:22 - id=12434570, name='BackendConf', date='18-12-2020', time='20:00', price='1000r', photos=[6830188, 3279380], place=Place{id=2011950, address='SFEDU', city=City{id=7774642, name='London'}
2020-12-22 00:48:40 INFO  CsvConverterEvent:30 - Event{id=12434570, name='BackendConf', date='18-12-2020', time='20:00', price='1000r', photos=[6830188, 3279380], place=Place{id=2011950, address='SFEDU', city=City{id=7774642, name='London'}}
2020-12-22 00:48:40 INFO  CsvConverterEvent:31 - Event{id=12434570
2020-12-22 00:48:40 INFO  CsvConverterEvent:31 - name='BackendConf'
2020-12-22 00:48:40 INFO  CsvConverterEvent:31 - date='18-12-2020', time='20:00', price='1000r', photos=[6830188, 3279380], place=Place{id=2011950, address='SFEDU', city=City{id=7774642, name='London'}}}stack='php'
2020-12-22 00:48:40 INFO  DataProviderCSV:205 - Ticket{id=5730980, buyerName='Khadzhimurad', payTime='2020-12-20T01:57:43.929', event=null}
2020-12-22 00:52:22 INFO  CsvConverterEvent:18 - ITEvent{Event{id=12434570, name='BackendConf', date='18-12-2020', time='20:00', price='1000r', photos=[6830188, 3279380], place=Place{id=2011950, address='SFEDU', city=City{id=7774642, name='London'}}}stack='php'}
2020-12-22 00:52:22 INFO  CsvConverterEvent:22 - id=12434570, name='BackendConf', date='18-12-2020', time='20:00', price='1000r', photos=[6830188, 3279380], place=Place{id=2011950, address='SFEDU', city=City{id=7774642, name='London'}
2020-12-22 00:52:22 INFO  CsvConverterEvent:24 - id=12434570
2020-12-22 00:52:22 INFO  CsvConverterEvent:24 -  name='BackendConf'
2020-12-22 00:52:22 INFO  CsvConverterEvent:24 -  date='18-12-2020'
2020-12-22 00:52:22 INFO  CsvConverterEvent:24 -  time='20:00'
2020-12-22 00:52:22 INFO  CsvConverterEvent:24 -  price='1000r'
2020-12-22 00:52:22 INFO  CsvConverterEvent:24 -  photos=[6830188
2020-12-22 00:52:22 INFO  CsvConverterEvent:24 -  3279380]
2020-12-22 00:52:22 INFO  CsvConverterEvent:24 -  place=Place{id=2011950
2020-12-22 00:52:22 INFO  CsvConverterEvent:24 -  address='SFEDU'
2020-12-22 00:52:22 INFO  CsvConverterEvent:24 -  city=City{id=7774642
2020-12-22 00:52:22 INFO  CsvConverterEvent:24 -  name='London'}
2020-12-22 00:52:22 INFO  CsvConverterEvent:32 - Event{id=12434570, name='BackendConf', date='18-12-2020', time='20:00', price='1000r', photos=[6830188, 3279380], place=Place{id=2011950, address='SFEDU', city=City{id=7774642, name='London'}}
2020-12-22 00:52:22 INFO  CsvConverterEvent:33 - Event{id=12434570
2020-12-22 00:52:22 INFO  CsvConverterEvent:33 - name='BackendConf'
2020-12-22 00:52:22 INFO  CsvConverterEvent:33 - date='18-12-2020', time='20:00', price='1000r', photos=[6830188, 3279380], place=Place{id=2011950, address='SFEDU', city=City{id=7774642, name='London'}}}stack='php'
2020-12-22 00:52:22 INFO  DataProviderCSV:205 - Ticket{id=5730980, buyerName='Khadzhimurad', payTime='2020-12-20T01:57:43.929', event=null}
2020-12-22 01:02:20 INFO  CsvConverterEvent:19 - ITEvent{Event{id=12434570, name='BackendConf', date='18-12-2020', time='20:00', price='1000r', photos=[6830188, 3279380], place=Place{id=2011950, address='SFEDU', city=City{id=7774642, name='London'}}}stack='php'}
2020-12-22 01:02:20 INFO  CsvConverterEvent:23 - id=12434570, name='BackendConf', date='18-12-2020', time='20:00', price='1000r', photos=[6830188, 3279380], place=Place{id=2011950, address='SFEDU', city=City{id=7774642, name='London'}
2020-12-22 01:02:20 INFO  CsvConverterEvent:25 - [id=12434570,  name='BackendConf',  date='18-12-2020',  time='20:00',  price='1000r',  photos=[6830188,  3279380],  ]
2020-12-22 01:02:20 INFO  CsvConverterEvent:38 - Event{id=12434570, name='BackendConf', date='18-12-2020', time='20:00', price='1000r', photos=[6830188, 3279380], place=Place{id=2011950, address='SFEDU', city=City{id=7774642, name='London'}}
2020-12-22 01:02:20 INFO  CsvConverterEvent:39 - Event{id=12434570
2020-12-22 01:02:20 INFO  CsvConverterEvent:39 - name='BackendConf'
2020-12-22 01:02:20 INFO  CsvConverterEvent:39 - date='18-12-2020', time='20:00', price='1000r', photos=[6830188, 3279380], place=Place{id=2011950, address='SFEDU', city=City{id=7774642, name='London'}}}stack='php'
2020-12-22 01:02:20 INFO  DataProviderCSV:205 - Ticket{id=5730980, buyerName='Khadzhimurad', payTime='2020-12-20T01:57:43.929', event=null}
2020-12-22 01:05:27 INFO  CsvConverterEvent:19 - ITEvent{Event{id=12434570, name='BackendConf', date='18-12-2020', time='20:00', price='1000r', photos=[6830188, 3279380], place=Place{id=2011950, address='SFEDU', city=City{id=7774642, name='London'}}}stack='php'}
2020-12-22 01:05:27 INFO  CsvConverterEvent:23 - id=12434570, name='BackendConf', date='18-12-2020', time='20:00', price='1000r', photos=[6830188, 3279380], place=Place{id=2011950, address='SFEDU', city=City{id=7774642, name='London'}
2020-12-22 01:05:27 INFO  CsvConverterEvent:25 - [id=12434570,  name='BackendConf',  date='18-12-2020',  time='20:00',  price='1000r']
2020-12-22 01:05:27 INFO  CsvConverterEvent:38 - Event{id=12434570, name='BackendConf', date='18-12-2020', time='20:00', price='1000r', photos=[6830188, 3279380], place=Place{id=2011950, address='SFEDU', city=City{id=7774642, name='London'}}
2020-12-22 01:05:27 INFO  CsvConverterEvent:39 - Event{id=12434570
2020-12-22 01:05:27 INFO  CsvConverterEvent:39 - name='BackendConf'
2020-12-22 01:05:27 INFO  CsvConverterEvent:39 - date='18-12-2020', time='20:00', price='1000r', photos=[6830188, 3279380], place=Place{id=2011950, address='SFEDU', city=City{id=7774642, name='London'}}}stack='php'
2020-12-22 01:05:27 INFO  DataProviderCSV:205 - Ticket{id=5730980, buyerName='Khadzhimurad', payTime='2020-12-20T01:57:43.929', event=null}
2020-12-22 01:08:41 INFO  CsvConverterEvent:19 - ITEvent{Event{id=12434570, name='BackendConf', date='18-12-2020', time='20:00', price='1000r', photos=[6830188, 3279380], place=Place{id=2011950, address='SFEDU', city=City{id=7774642, name='London'}}}stack='php'}
2020-12-22 01:08:41 INFO  CsvConverterEvent:23 - id=12434570, name='BackendConf', date='18-12-2020', time='20:00', price='1000r', photos=[6830188, 3279380], place=Place{id=2011950, address='SFEDU', city=City{id=7774642, name='London'}
2020-12-22 01:09:21 INFO  CsvConverterEvent:19 - ITEvent{Event{id=12434570, name='BackendConf', date='18-12-2020', time='20:00', price='1000r', photos=[6830188, 3279380], place=Place{id=2011950, address='SFEDU', city=City{id=7774642, name='London'}}}stack='php'}
2020-12-22 01:09:21 INFO  CsvConverterEvent:23 - id=12434570, name='BackendConf', date='18-12-2020', time='20:00', price='1000r', photos=[6830188, 3279380], place=Place{id=2011950, address='SFEDU', city=City{id=7774642, name='London'}
2020-12-22 01:09:21 INFO  CsvConverterEvent:25 - [12434570, BackendConf, 18-12-2020, 20:00, 1000r]
2020-12-22 01:09:21 INFO  CsvConverterEvent:38 - Event{id=12434570, name='BackendConf', date='18-12-2020', time='20:00', price='1000r', photos=[6830188, 3279380], place=Place{id=2011950, address='SFEDU', city=City{id=7774642, name='London'}}
2020-12-22 01:09:21 INFO  CsvConverterEvent:39 - Event{id=12434570
2020-12-22 01:09:21 INFO  CsvConverterEvent:39 - name='BackendConf'
2020-12-22 01:09:21 INFO  CsvConverterEvent:39 - date='18-12-2020', time='20:00', price='1000r', photos=[6830188, 3279380], place=Place{id=2011950, address='SFEDU', city=City{id=7774642, name='London'}}}stack='php'
2020-12-22 01:09:21 INFO  DataProviderCSV:205 - Ticket{id=5730980, buyerName='Khadzhimurad', payTime='2020-12-20T01:57:43.929', event=null}
2020-12-22 01:14:27 INFO  CsvConverterEvent:32 - photos=[6830188, 3279380]
2020-12-22 01:14:27 INFO  CsvConverterEvent:41 - Event{id=12434570, name='BackendConf', date='18-12-2020', time='20:00', price='1000r', photos=[6830188, 3279380], place=Place{id=2011950, address='SFEDU', city=City{id=7774642, name='London'}}
2020-12-22 01:14:27 INFO  CsvConverterEvent:42 - Event{id=12434570
2020-12-22 01:14:27 INFO  CsvConverterEvent:42 - name='BackendConf'
2020-12-22 01:14:27 INFO  CsvConverterEvent:42 - date='18-12-2020', time='20:00', price='1000r', photos=[6830188, 3279380], place=Place{id=2011950, address='SFEDU', city=City{id=7774642, name='London'}}}stack='php'
2020-12-22 01:14:27 INFO  DataProviderCSV:205 - Ticket{id=5730980, buyerName='Khadzhimurad', payTime='2020-12-20T01:57:43.929', event=null}
2020-12-22 01:20:32 INFO  CsvConverterIds:23 - photos=[6830188, 3279380]
2020-12-22 01:20:32 INFO  CsvConverterIds:26 - 6830188
2020-12-22 01:20:32 INFO  CsvConverterIds:26 - 3279380
2020-12-22 01:21:03 INFO  CsvConverterIds:23 - photos=[6830188, 3279380]
2020-12-22 01:21:03 INFO  CsvConverterIds:26 - 6830188
2020-12-22 01:21:03 INFO  CsvConverterIds:26 - 3279380
2020-12-22 01:21:03 INFO  CsvConverterEvent:35 - id=12434570, name='BackendConf', date='18-12-2020', time='20:00', price='1000r', photos=[6830188, 3279380], place=Place{id=2011950, address='SFEDU', city=City{id=7774642, name='London'}
2020-12-22 01:21:53 INFO  CsvConverterIds:23 - photos=[6830188, 3279380]
2020-12-22 01:21:53 INFO  CsvConverterIds:26 - 6830188
2020-12-22 01:21:53 INFO  CsvConverterIds:26 - 3279380
2020-12-22 01:21:53 INFO  CsvConverterEvent:35 - Event{id=12434570, name='BackendConf', date='18-12-2020', time='20:00', price='1000r', photos=[6830188, 3279380], place=Place{id=2011950, address='SFEDU', city=City{id=7774642, name='London'}}
2020-12-22 01:22:03 INFO  CsvConverterIds:23 - photos=[6830188, 3279380]
2020-12-22 01:22:03 INFO  CsvConverterIds:26 - 6830188
2020-12-22 01:22:03 INFO  CsvConverterIds:26 - 3279380
2020-12-22 01:22:03 INFO  CsvConverterEvent:35 - Event{id=12434570, name='BackendConf', date='18-12-2020', time='20:00', price='1000r', photos=[6830188, 3279380], place=Place{id=2011950, address='SFEDU', city=City{id=7774642, name='London'}}
2020-12-22 01:22:03 INFO  CsvConverterEvent:38 - 88, 3279380], place=Place{id=2011950, address='SFEDU', city=City{id=7774642,
2020-12-22 01:22:03 INFO  DataProviderCSV:205 - Ticket{id=5730980, buyerName='Khadzhimurad', payTime='2020-12-20T01:57:43.929', event=null}
2020-12-22 01:22:57 INFO  CsvConverterIds:23 - photos=[6830188, 3279380]
2020-12-22 01:22:57 INFO  CsvConverterIds:26 - 6830188
2020-12-22 01:22:57 INFO  CsvConverterIds:26 - 3279380
2020-12-22 01:22:57 INFO  CsvConverterEvent:35 - Event{id=12434570, name='BackendConf', date='18-12-2020', time='20:00', price='1000r', photos=[6830188, 3279380], place=Place{id=2011950, address='SFEDU', city=City{id=7774642, name='London'}}
2020-12-22 01:22:57 INFO  CsvConverterEvent:38 - place=Place{id=2011950, address='SFEDU', city=City{id=7774642, name='London'
2020-12-22 01:22:57 INFO  DataProviderCSV:205 - Ticket{id=5730980, buyerName='Khadzhimurad', payTime='2020-12-20T01:57:43.929', event=null}
2020-12-22 01:23:13 INFO  CsvConverterIds:23 - photos=[6830188, 3279380]
2020-12-22 01:23:13 INFO  CsvConverterIds:26 - 6830188
2020-12-22 01:23:13 INFO  CsvConverterIds:26 - 3279380
2020-12-22 01:23:13 INFO  CsvConverterEvent:35 - Event{id=12434570, name='BackendConf', date='18-12-2020', time='20:00', price='1000r', photos=[6830188, 3279380], place=Place{id=2011950, address='SFEDU', city=City{id=7774642, name='London'}}
2020-12-22 01:23:13 INFO  CsvConverterEvent:38 - place=Place{id=2011950, address='SFEDU', city=City{id=7774642, name='London'}
2020-12-22 01:23:13 INFO  DataProviderCSV:205 - Ticket{id=5730980, buyerName='Khadzhimurad', payTime='2020-12-20T01:57:43.929', event=null}
2020-12-22 01:23:56 INFO  CsvConverterIds:23 - photos=[6830188, 3279380]
2020-12-22 01:23:56 INFO  CsvConverterIds:26 - 6830188
2020-12-22 01:23:56 INFO  CsvConverterIds:26 - 3279380
2020-12-22 01:23:56 INFO  CsvConverterEvent:35 - Event{id=12434570, name='BackendConf', date='18-12-2020', time='20:00', price='1000r', photos=[6830188, 3279380], place=Place{id=2011950, address='SFEDU', city=City{id=7774642, name='London'}}
2020-12-22 01:25:10 INFO  CsvConverterIds:23 - photos=[6830188, 3279380]
2020-12-22 01:25:10 INFO  CsvConverterIds:26 - 6830188
2020-12-22 01:25:10 INFO  CsvConverterIds:26 - 3279380
2020-12-22 01:25:10 INFO  CsvConverterEvent:35 - Event{id=12434570, name='BackendConf', date='18-12-2020', time='20:00', price='1000r', photos=[6830188, 3279380], place=Place{id=2011950, address='SFEDU', city=City{id=7774642, name='London'}}
2020-12-22 01:25:10 INFO  CsvConverterEvent:38 - place=Place{id=2011950, address='SFEDU', city=City{id=7774642, name='London'}
2020-12-22 01:25:35 INFO  CsvConverterIds:23 - photos=[6830188, 3279380]
2020-12-22 01:25:35 INFO  CsvConverterIds:26 - 6830188
2020-12-22 01:25:35 INFO  CsvConverterIds:26 - 3279380
2020-12-22 01:25:35 INFO  CsvConverterEvent:35 - Event{id=12434570, name='BackendConf', date='18-12-2020', time='20:00', price='1000r', photos=[6830188, 3279380], place=Place{id=2011950, address='SFEDU', city=City{id=7774642, name='London'}}
2020-12-22 01:26:03 INFO  CsvConverterIds:23 - photos=[6830188, 3279380]
2020-12-22 01:26:03 INFO  CsvConverterIds:26 - 6830188
2020-12-22 01:26:03 INFO  CsvConverterIds:26 - 3279380
2020-12-22 01:26:03 INFO  CsvConverterEvent:35 - Event{id=12434570, name='BackendConf', date='18-12-2020', time='20:00', price='1000r', photos=[6830188, 3279380], place=Place{id=2011950, address='SFEDU', city=City{id=7774642, name='London'}}
2020-12-22 01:26:03 INFO  CsvConverterEvent:38 - place=Place{id=2011950, address='SFEDU', city=City{id=7774642, name='London'}
2020-12-22 01:26:03 INFO  CsvConverterCity:22 - City{id=7774642, name='London'}
2020-12-22 01:26:03 INFO  CsvConverterPlace:35 - Place{id=2011950, address='SFEDU', city=City{id=7774642, name='London'}}
2020-12-22 01:26:03 INFO  CsvConverterEvent:39 - Place{id=2011950, address='SFEDU', city=City{id=7774642, name='London'}}
2020-12-22 01:26:03 INFO  DataProviderCSV:205 - Ticket{id=5730980, buyerName='Khadzhimurad', payTime='2020-12-20T01:57:43.929', event=null}
2020-12-22 01:27:02 INFO  CsvConverterIds:23 - photos=[6830188, 3279380]
2020-12-22 01:27:02 INFO  CsvConverterIds:26 - 6830188
2020-12-22 01:27:02 INFO  CsvConverterIds:26 - 3279380
2020-12-22 01:27:02 INFO  CsvConverterEvent:35 - Event{id=12434570, name='BackendConf', date='18-12-2020', time='20:00', price='1000r', photos=[6830188, 3279380], place=Place{id=2011950, address='SFEDU', city=City{id=7774642, name='London'}}
2020-12-22 01:27:02 INFO  CsvConverterEvent:38 - place=Place{id=2011950, address='SFEDU', city=City{id=7774642, name='London'}
2020-12-22 01:27:02 INFO  CsvConverterCity:22 - City{id=7774642, name='London'}
2020-12-22 01:27:02 INFO  CsvConverterPlace:35 - Place{id=2011950, address='SFEDU', city=City{id=7774642, name='London'}}
2020-12-22 01:31:37 INFO  CsvConverterIds:23 - photos=[6830188, 3279380]
2020-12-22 01:31:37 INFO  CsvConverterIds:26 - 6830188
2020-12-22 01:31:37 INFO  CsvConverterIds:26 - 3279380
2020-12-22 01:31:37 INFO  CsvConverterCity:22 - City{id=7774642, name='London'}
2020-12-22 01:31:37 INFO  CsvConverterPlace:35 - Place{id=2011950, address='SFEDU', city=City{id=7774642, name='London'}}
2020-12-22 01:31:37 INFO  DataProviderCSV:205 - Ticket{id=5730980, buyerName='Khadzhimurad', payTime='2020-12-20T01:57:43.929', event=Event{id=12434570, name='BackendConf', date='18-12-2020', time='20:00', price='1000r', photos=[6830188, 3279380], place=Place{id=2011950, address='SFEDU', city=City{id=7774642, name='London'}}}}
2020-12-23 00:33:32 INFO  DataProviderCSV:178 - [City{id=2010365, name='Aleppo'}]
2020-12-23 00:35:06 INFO  DataProviderCSV:178 - [City{id=2010365, name='Aleppo'}, City{id=1710361, name='Aleppo'}]
2020-12-23 00:35:19 INFO  DataProviderCSV:178 - [City{id=1839668, name='Aleppo'}]
2020-12-23 00:36:44 INFO  DataProviderCSV:178 - [City{id=1839668, name='Aleppo'}, City{id=3566419, name='Aleppo'}]
2020-12-23 00:36:54 INFO  DataProviderCSV:178 - [City{id=1795969, name='Aleppo'}]
2020-12-23 00:39:13 INFO  DataProviderCSV:178 - [City{id=1795969, name='Aleppo'}, City{id=10893788, name='Aleppo'}]
2020-12-23 00:43:09 INFO  DataProviderCSV:178 - [City{id=1795969, name='Aleppo'}, City{id=10893788, name='Aleppo'}, City{id=6408390, name='Aleppo'}]
2020-12-23 00:43:34 INFO  DataProviderCSV:178 - [City{id=1795969, name='Aleppo'}, City{id=10893788, name='Aleppo'}, City{id=6408390, name='Aleppo'}, City{id=1850000, name='Aleppo'}]
2020-12-23 00:43:56 INFO  DataProviderCSV:178 - [City{id=1664327, name='Aleppo'}]
2020-12-23 00:44:45 INFO  DataProviderCSV:178 - [City{id=2056439, name='Aleppo'}]
2020-12-23 00:46:05 INFO  DataProviderCSV:178 - [City{id=2056439, name='Aleppo'}, City{id=1747588, name='Aleppo'}]
2020-12-23 00:46:37 INFO  DataProviderCSV:178 - [City{id=2056439, name='Aleppo'}, City{id=1747588, name='Aleppo'}, City{id=7327212, name='Aleppo'}]
2020-12-23 00:49:57 INFO  DataProviderCSV:178 - [City{id=2056439, name='Aleppo'}, City{id=1747588, name='Aleppo'}, City{id=7327212, name='Aleppo'}, City{id=1628974, name='Aleppo'}]
2020-12-23 00:50:11 INFO  DataProviderCSV:178 - [City{id=5044372, name='Aleppo'}]
2020-12-23 00:50:36 INFO  DataProviderCSV:178 - [City{id=5044372, name='Aleppo'}, City{id=3297798, name='Aleppo'}]
2020-12-23 00:52:18 INFO  DataProviderCSV:178 - [City{id=1970528, name='Aleppo'}]
2020-12-23 00:56:48 INFO  DataProviderCSV:178 - [City{id=1970528, name='Aleppo'}, City{id=3734735, name='Aleppo'}]
2020-12-23 00:57:01 INFO  DataProviderCSV:178 - [City{id=4462459, name='Aleppo'}]
2020-12-23 01:01:07 INFO  DataProviderCSV:180 - [City{id=4462459, name='Aleppo'}, City{id=13490363, name='Aleppo'}]
2020-12-23 01:01:16 INFO  DataProviderCSV:180 - [City{id=3448464, name='Aleppo'}]
2020-12-23 01:06:08 INFO  DataProviderCSV:180 - [City{id=1875196, name='Aleppo'}]
2020-12-23 01:06:20 INFO  DataProviderCSV:180 - [City{id=3001016, name='Aleppo'}]
2020-12-23 01:07:15 INFO  DataProviderCSV:180 - [City{id=3001016, name='Aleppo'}, City{id=10319559, name='Aleppo'}]
2020-12-23 01:07:44 INFO  DataProviderCSV:180 - [City{id=1694234, name='Aleppo'}]
2020-12-23 01:08:18 INFO  DataProviderCSV:180 - [City{id=1852547, name='Aleppo'}]
2020-12-23 01:09:31 INFO  DataProviderCSV:180 - [City{id=1852547, name='Aleppo'}, City{id=16002262, name='Aleppo'}]
2020-12-23 01:10:51 INFO  DataProviderCSV:180 - [City{id=2369922, name='Aleppo'}]
2020-12-23 01:11:16 INFO  DataProviderCSV:180 - [City{id=2369922, name='Aleppo'}, City{id=2845650, name='Aleppo'}]
2020-12-23 01:11:30 INFO  DataProviderCSV:180 - [City{id=2369922, name='Aleppo'}, City{id=2845650, name='Aleppo'}, City{id=2946685, name='Aleppo'}]
2020-12-23 01:19:59 INFO  DataProviderCSV:179 - [City{id=2369922, name='Aleppo'}, City{id=2845650, name='Aleppo'}, City{id=2946685, name='Aleppo'}, City{id=13300738, name='Aleppo'}]
2020-12-23 01:26:23 INFO  DataProviderCSV:180 - [City{id=2369922, name='Aleppo'}, City{id=2845650, name='Aleppo'}, City{id=2946685, name='Aleppo'}, City{id=13300738, name='Aleppo'}, City{id=7451242, name='Aleppo'}]
2020-12-23 01:51:54 INFO  DataProviderCSV:180 - [City{id=2369922, name='Aleppo'}, City{id=2845650, name='Aleppo'}, City{id=2946685, name='Aleppo'}, City{id=13300738, name='Aleppo'}, City{id=7451242, name='Aleppo'}, City{id=2343037, name='Aleppo'}]
2020-12-23 01:54:36 INFO  DataProviderCSV:246 - [Place{id=12110850, address='Aleppo', city=null}]
2020-12-23 01:59:47 INFO  DataProviderCSV:246 - [Place{id=11824119, address='Aleppo', city=null}]
2020-12-23 02:01:26 INFO  DataProviderCSV:246 - [Place{id=3038191, address='Aleppo', city=null}]
2020-12-23 02:06:40 INFO  DataProviderCSV:172 - City{id=2845650, name='Aleppo'}
2020-12-23 02:06:40 INFO  DataProviderCSV:250 - [Place{id=2975853, address='Aleppo', city=City{id=2845650, name='Aleppo'}}]
2020-12-24 01:40:08 INFO  DataProviderCSV:536 - [Photographer{id=11000973, name='Alex', expirence=5, site='https://vk.com/id1'}]
2020-12-24 01:40:47 INFO  DataProviderCSV:571 - Photographer{id=11000973, name='Alex', expirence=5, site='https://vk.com/id1'}
2020-12-24 01:45:32 INFO  DataProviderCSV:536 - [Photographer{id=3261826, name='Alex', expirence=5, site='https://vk.com/id1'}]
2020-12-24 01:46:12 INFO  DataProviderCSV:571 - Photographer{id=3261826, name='Alex', expirence=5, site='https://vk.com/id1'}
2020-12-24 01:46:13 INFO  DataProviderCSV:502 - [Photo{id=2263526, name='Alex', path='https://vk.com/image.jpg', photographer=Photographer{id=3261826, name='Alex', expirence=5, site='https://vk.com/id1'}}]
2020-12-24 01:47:12 INFO  DataProviderCSV:571 - Photographer{id=3261826, name='Alex', expirence=5, site='https://vk.com/id1'}
2020-12-24 01:47:12 INFO  DataProviderCSV:502 - [Photo{id=2263526, name='Alex', path='https://vk.com/image.jpg', photographer=Photographer{id=3261826, name='Alex', expirence=5, site='https://vk.com/id1'}}, Photo{id=2440329, name='Aleppo', path='https://ok.com/image.jpg', photographer=Photographer{id=3261826, name='Alex', expirence=5, site='https://vk.com/id1'}}]
2020-12-24 01:48:34 INFO  DataProviderCSV:211 - City{id=2845650, name='Aleppo'}
2020-12-24 01:48:34 INFO  DataProviderCSV:448 - [Place{id=5468890, address='Myurego', city=City{id=2845650, name='Aleppo'}}]
2020-12-24 01:50:05 INFO  DataProviderCSV:486 - Place{id=5468890, address='Myurego', city=City{id=2845650, name='Aleppo'}}
2020-12-24 01:50:05 INFO  DataProviderCSV:393 - FootballEvent{Event{id=7520858, name='final', date='24-12-2020', time='19:00', price='100r', photos=[2263526, 2440329], place=Place{id=5468890, address='Myurego', city=City{id=2845650, name='Aleppo'}}}team1='Madrid', team2='Juventus'}
2020-12-24 01:50:53 INFO  DataProviderCSV:159 - null
2020-12-24 01:51:43 INFO  DataProviderCSV:159 - null
2020-12-24 01:51:43 INFO  DataProviderCSV:160 - 123
2020-12-24 01:52:28 INFO  DataProviderCSV:159 - null
2020-12-24 01:54:41 INFO  DataProviderCSV:157 - []
2020-12-24 01:54:41 INFO  DataProviderCSV:160 - null
2020-12-24 01:54:41 INFO  DataProviderCSV:161 - 123
2020-12-24 01:55:50 INFO  DataProviderCSV:158 - []
2020-12-24 01:55:50 INFO  DataProviderCSV:161 - null
2020-12-24 01:55:50 INFO  DataProviderCSV:162 - 123
2020-12-24 01:56:06 INFO  DataProviderCSV:158 - []
2020-12-24 01:56:06 INFO  DataProviderCSV:161 - null
2020-12-24 01:56:06 INFO  DataProviderCSV:162 - 123
2020-12-24 01:56:21 INFO  DataProviderCSV:71 - herer
2020-12-24 01:56:21 INFO  DataProviderCSV:159 - []
2020-12-24 01:56:21 INFO  DataProviderCSV:162 - null
2020-12-24 01:56:21 INFO  DataProviderCSV:163 - 123
2020-12-24 01:56:39 INFO  DataProviderCSV:71 - org.simpleframework.xml.core.InstantiationException: Incompatible class java.lang.String for class java.lang.Long at line 8
2020-12-24 01:56:39 INFO  DataProviderCSV:159 - []
2020-12-24 01:56:39 INFO  DataProviderCSV:162 - null
2020-12-24 01:56:39 INFO  DataProviderCSV:163 - 123
2020-12-24 02:02:24 INFO  DataProviderCSV:71 - org.simpleframework.xml.core.InstantiationException: Incompatible class java.lang.String for class java.lang.Long at line 8
2020-12-24 02:02:24 INFO  DataProviderCSV:490 - Place{id=5468890, address='Myurego', city=City{id=2845650, name='Aleppo'}}
2020-12-24 02:02:24 INFO  DataProviderCSV:397 - FootballEvent{Event{id=1856385, name='final', date='24-12-2020', time='19:00', price='100r', photos=[2263526, 2440329], place=Place{id=5468890, address='Myurego', city=City{id=2845650, name='Aleppo'}}}team1='Madrid', team2='Juventus'}
2020-12-24 02:02:57 INFO  DataProviderCSV:71 - javax.xml.stream.XMLStreamException: ParseError at [row,col]:[1,1]
Message: Premature end of file.
2020-12-24 02:02:57 INFO  DataProviderCSV:490 - Place{id=5468890, address='Myurego', city=City{id=2845650, name='Aleppo'}}
2020-12-24 02:02:57 INFO  DataProviderCSV:397 - FootballEvent{Event{id=1807499, name='final', date='24-12-2020', time='19:00', price='100r', photos=[2263526, 2440329], place=Place{id=5468890, address='Myurego', city=City{id=2845650, name='Aleppo'}}}team1='Madrid', team2='Juventus'}
2020-12-24 02:03:47 INFO  DataProviderCSV:71 - org.simpleframework.xml.core.InstantiationException: Incompatible class java.lang.String for long at line 8
2020-12-24 02:03:47 INFO  DataProviderCSV:490 - Place{id=5468890, address='Myurego', city=City{id=2845650, name='Aleppo'}}
2020-12-24 02:03:47 INFO  DataProviderCSV:397 - FootballEvent{Event{id=1907218, name='final', date='24-12-2020', time='19:00', price='100r', photos=[2263526, 2440329], place=Place{id=5468890, address='Myurego', city=City{id=2845650, name='Aleppo'}}}team1='Madrid', team2='Juventus'}
2020-12-24 02:04:02 INFO  DataProviderCSV:71 - javax.xml.stream.XMLStreamException: ParseError at [row,col]:[1,3]
Message: XML document structures must start and end within the same entity.
2020-12-24 02:04:02 INFO  DataProviderCSV:490 - Place{id=5468890, address='Myurego', city=City{id=2845650, name='Aleppo'}}
2020-12-24 02:04:02 INFO  DataProviderCSV:397 - FootballEvent{Event{id=3152269, name='final', date='24-12-2020', time='19:00', price='100r', photos=[2263526, 2440329], place=Place{id=5468890, address='Myurego', city=City{id=2845650, name='Aleppo'}}}team1='Madrid', team2='Juventus'}
2020-12-26 23:36:53 INFO  DataProviderCSV:71 - javax.xml.stream.XMLStreamException: ParseError at [row,col]:[1,1]
Message: Premature end of file.
2020-12-26 23:36:53 INFO  DataProviderCSV:172 - null
2020-12-26 23:42:58 INFO  DataProviderCSV:71 - javax.xml.stream.XMLStreamException: ParseError at [row,col]:[1,1]
Message: Premature end of file.
2020-12-26 23:42:58 INFO  DataProviderCSV:172 - null
2020-12-26 23:43:47 INFO  DataProviderCSV:71 - javax.xml.stream.XMLStreamException: ParseError at [row,col]:[1,1]
Message: Premature end of file.
2020-12-26 23:43:47 INFO  DataProviderCSV:490 - Place{id=5468890, address='Myurego', city=City{id=2845650, name='Aleppo'}}
2020-12-26 23:43:47 INFO  DataProviderCSV:397 - FootballEvent{Event{id=8093772, name='final', date='24-12-2020', time='19:00', price='100r', photos=[2263526, 2440329], place=Place{id=5468890, address='Myurego', city=City{id=2845650, name='Aleppo'}}}team1='Madrid', team2='Juventus'}
2020-12-26 23:44:12 INFO  DataProviderCSV:159 - [FootballEvent{Event{id=8093772, name='final', date='24-12-2020', time='19:00', price='100r', photos=[2263526, 2440329], place=Place{id=5468890, address='Myurego', city=City{id=2845650, name='Aleppo'}}}team1='Madrid', team2='Juventus'}]
2020-12-26 23:44:12 INFO  DataProviderCSV:162 - FootballEvent{Event{id=8093772, name='final', date='24-12-2020', time='19:00', price='100r', photos=[2263526, 2440329], place=Place{id=5468890, address='Myurego', city=City{id=2845650, name='Aleppo'}}}team1='Madrid', team2='Juventus'}
2020-12-26 23:44:12 INFO  DataProviderCSV:163 - 123
2020-12-26 23:44:56 INFO  DataProviderCSV:490 - Place{id=5468890, address='Myurego', city=City{id=2845650, name='Aleppo'}}
2020-12-27 16:38:36 INFO  DataProviderCSV:258 - [City{id=1855187, name='test'}]
2020-12-27 16:39:54 INFO  DataProviderCSV:258 - [City{id=1823669, name='test'}]
2020-12-27 17:23:47 INFO  DataProviderCSV:259 - [City{id=1838183, name='test'}]
