10.19:08.23.27 DEBUG	ru.sfedu.mavenproject.Main:29 - NAME
10.19:08.25.36 DEBUG	ru.sfedu.mavenproject.Main:29 - NAME
10.19:08.25.36  INFO	ru.sfedu.mavenproject.Main:17 - Launching application:
10.19:08.25.36  INFO	ru.sfedu.mavenproject.Main:18 - Operating System Linux 5.4.0-47-generic
10.19:08.25.36  INFO	ru.sfedu.mavenproject.Main:20 - JRE version 1.8.0_265
10.19:08.25.36  INFO	ru.sfedu.mavenproject.Main:21 - Java launched from /usr/lib/jvm/java-8-openjdk-amd64/jre
10.19:08.25.36  INFO	ru.sfedu.mavenproject.Main:22 - User Home Directory: /home/khadzhimurad
10.19:08.25.36  INFO	ru.sfedu.mavenproject.Main:23 - Java Class :/usr/lib/jvm/java-1.8.0-openjdk-amd64/jre/lib/charsets.jar:/usr/lib/jvm/java-1.8.0-openjdk-amd64/jre/lib/ext/cldrdata.jar:/usr/lib/jvm/java-1.8.0-openjdk-amd64/jre/lib/ext/dnsns.jar:/usr/lib/jvm/java-1.8.0-openjdk-amd64/jre/lib/ext/icedtea-sound.jar:/usr/lib/jvm/java-1.8.0-openjdk-amd64/jre/lib/ext/jaccess.jar:/usr/lib/jvm/java-1.8.0-openjdk-amd64/jre/lib/ext/localedata.jar:/usr/lib/jvm/java-1.8.0-openjdk-amd64/jre/lib/ext/nashorn.jar:/usr/lib/jvm/java-1.8.0-openjdk-amd64/jre/lib/ext/sunec.jar:/usr/lib/jvm/java-1.8.0-openjdk-amd64/jre/lib/ext/sunjce_provider.jar:/usr/lib/jvm/java-1.8.0-openjdk-amd64/jre/lib/ext/sunpkcs11.jar:/usr/lib/jvm/java-1.8.0-openjdk-amd64/jre/lib/ext/zipfs.jar:/usr/lib/jvm/java-1.8.0-openjdk-amd64/jre/lib/jce.jar:/usr/lib/jvm/java-1.8.0-openjdk-amd64/jre/lib/jsse.jar:/usr/lib/jvm/java-1.8.0-openjdk-amd64/jre/lib/management-agent.jar:/usr/lib/jvm/java-1.8.0-openjdk-amd64/jre/lib/resources.jar:/usr/lib/jvm/java-1.8.0-openjdk-amd64/jre/lib/rt.jar:/home/khadzhimurad/IdeaProjects/01/target/classes:/home/khadzhimurad/.m2/repository/org/apache/logging/log4j/log4j-core/2.13.3/log4j-core-2.13.3.jar:/home/khadzhimurad/.m2/repository/org/apache/logging/log4j/log4j-api/2.13.3/log4j-api-2.13.3.jar:/home/khadzhimurad/Downloads/idea-IC-202.6948.69/lib/idea_rt.jar
10.19:08.25.36  INFO	ru.sfedu.mavenproject.Main:24 - Java Library: /usr/java/packages/lib/amd64:/usr/lib/x86_64-linux-gnu/jni:/lib/x86_64-linux-gnu:/usr/lib/x86_64-linux-gnu:/usr/lib/jni:/lib:/usr/lib
10.19:08.25.36  INFO	ru.sfedu.mavenproject.Main:25 - Test INFO logging.
10.19:08.28.32 DEBUG	ru.sfedu.mavenproject.Main:29 - NAME
10.19:08.28.32  INFO	ru.sfedu.mavenproject.Main:17 - Launching application:
10.19:08.28.32  INFO	ru.sfedu.mavenproject.Main:18 - Operating System Linux 5.4.0-47-generic
10.19:08.28.32  INFO	ru.sfedu.mavenproject.Main:20 - JRE version 1.8.0_265
10.19:08.28.32  INFO	ru.sfedu.mavenproject.Main:21 - Java launched from /usr/lib/jvm/java-8-openjdk-amd64/jre
10.19:08.28.32  INFO	ru.sfedu.mavenproject.Main:22 - User Home Directory: /home/khadzhimurad
10.19:08.28.32  INFO	ru.sfedu.mavenproject.Main:23 - Java Class :/usr/lib/jvm/java-1.8.0-openjdk-amd64/jre/lib/charsets.jar:/usr/lib/jvm/java-1.8.0-openjdk-amd64/jre/lib/ext/cldrdata.jar:/usr/lib/jvm/java-1.8.0-openjdk-amd64/jre/lib/ext/dnsns.jar:/usr/lib/jvm/java-1.8.0-openjdk-amd64/jre/lib/ext/icedtea-sound.jar:/usr/lib/jvm/java-1.8.0-openjdk-amd64/jre/lib/ext/jaccess.jar:/usr/lib/jvm/java-1.8.0-openjdk-amd64/jre/lib/ext/localedata.jar:/usr/lib/jvm/java-1.8.0-openjdk-amd64/jre/lib/ext/nashorn.jar:/usr/lib/jvm/java-1.8.0-openjdk-amd64/jre/lib/ext/sunec.jar:/usr/lib/jvm/java-1.8.0-openjdk-amd64/jre/lib/ext/sunjce_provider.jar:/usr/lib/jvm/java-1.8.0-openjdk-amd64/jre/lib/ext/sunpkcs11.jar:/usr/lib/jvm/java-1.8.0-openjdk-amd64/jre/lib/ext/zipfs.jar:/usr/lib/jvm/java-1.8.0-openjdk-amd64/jre/lib/jce.jar:/usr/lib/jvm/java-1.8.0-openjdk-amd64/jre/lib/jsse.jar:/usr/lib/jvm/java-1.8.0-openjdk-amd64/jre/lib/management-agent.jar:/usr/lib/jvm/java-1.8.0-openjdk-amd64/jre/lib/resources.jar:/usr/lib/jvm/java-1.8.0-openjdk-amd64/jre/lib/rt.jar:/home/khadzhimurad/IdeaProjects/01/target/classes:/home/khadzhimurad/.m2/repository/org/apache/logging/log4j/log4j-core/2.13.3/log4j-core-2.13.3.jar:/home/khadzhimurad/.m2/repository/org/apache/logging/log4j/log4j-api/2.13.3/log4j-api-2.13.3.jar:/home/khadzhimurad/Downloads/idea-IC-202.6948.69/lib/idea_rt.jar
10.19:08.28.32  INFO	ru.sfedu.mavenproject.Main:24 - Java Library: /usr/java/packages/lib/amd64:/usr/lib/x86_64-linux-gnu/jni:/lib/x86_64-linux-gnu:/usr/lib/x86_64-linux-gnu:/usr/lib/jni:/lib:/usr/lib
10.19:08.28.32  INFO	ru.sfedu.mavenproject.Main:25 - Test INFO logging.
10.19:08.28.32 ERROR	ru.sfedu.mavenproject.Main:31 - THIS IS ERROR
10.19:08.35.02  INFO	ru.sfedu.mavenproject.Main:17 - Launching application:
10.19:08.35.02  INFO	ru.sfedu.mavenproject.Main:18 - Operating System Linux 5.4.0-47-generic
10.19:08.35.02  INFO	ru.sfedu.mavenproject.Main:20 - JRE version 1.8.0_265
10.19:08.35.02  INFO	ru.sfedu.mavenproject.Main:21 - Java launched from /usr/lib/jvm/java-8-openjdk-amd64/jre
10.19:08.35.02  INFO	ru.sfedu.mavenproject.Main:22 - User Home Directory: /home/khadzhimurad
10.19:08.35.02  INFO	ru.sfedu.mavenproject.Main:23 - Java Class :/usr/lib/jvm/java-1.8.0-openjdk-amd64/jre/lib/charsets.jar:/usr/lib/jvm/java-1.8.0-openjdk-amd64/jre/lib/ext/cldrdata.jar:/usr/lib/jvm/java-1.8.0-openjdk-amd64/jre/lib/ext/dnsns.jar:/usr/lib/jvm/java-1.8.0-openjdk-amd64/jre/lib/ext/icedtea-sound.jar:/usr/lib/jvm/java-1.8.0-openjdk-amd64/jre/lib/ext/jaccess.jar:/usr/lib/jvm/java-1.8.0-openjdk-amd64/jre/lib/ext/localedata.jar:/usr/lib/jvm/java-1.8.0-openjdk-amd64/jre/lib/ext/nashorn.jar:/usr/lib/jvm/java-1.8.0-openjdk-amd64/jre/lib/ext/sunec.jar:/usr/lib/jvm/java-1.8.0-openjdk-amd64/jre/lib/ext/sunjce_provider.jar:/usr/lib/jvm/java-1.8.0-openjdk-amd64/jre/lib/ext/sunpkcs11.jar:/usr/lib/jvm/java-1.8.0-openjdk-amd64/jre/lib/ext/zipfs.jar:/usr/lib/jvm/java-1.8.0-openjdk-amd64/jre/lib/jce.jar:/usr/lib/jvm/java-1.8.0-openjdk-amd64/jre/lib/jsse.jar:/usr/lib/jvm/java-1.8.0-openjdk-amd64/jre/lib/management-agent.jar:/usr/lib/jvm/java-1.8.0-openjdk-amd64/jre/lib/resources.jar:/usr/lib/jvm/java-1.8.0-openjdk-amd64/jre/lib/rt.jar:/home/khadzhimurad/IdeaProjects/01/target/classes:/home/khadzhimurad/.m2/repository/org/apache/logging/log4j/log4j-core/2.13.3/log4j-core-2.13.3.jar:/home/khadzhimurad/.m2/repository/org/apache/logging/log4j/log4j-api/2.13.3/log4j-api-2.13.3.jar:/home/khadzhimurad/Downloads/idea-IC-202.6948.69/lib/idea_rt.jar
10.19:08.35.02  INFO	ru.sfedu.mavenproject.Main:24 - Java Library: /usr/java/packages/lib/amd64:/usr/lib/x86_64-linux-gnu/jni:/lib/x86_64-linux-gnu:/usr/lib/x86_64-linux-gnu:/usr/lib/jni:/lib:/usr/lib
10.19:08.35.02  INFO	ru.sfedu.mavenproject.Main:25 - Test INFO logging.
10.19:08.35.02 ERROR	ru.sfedu.mavenproject.Main:31 - THIS IS ERROR
10.19:08.50.59  INFO	ru.sfedu.mavenproject.Main:19 - Launching application:
10.19:08.50.59  INFO	ru.sfedu.mavenproject.Main:20 - Operating System Linux 5.4.0-47-generic
10.19:08.50.59  INFO	ru.sfedu.mavenproject.Main:22 - JRE version 1.8.0_265
10.19:08.50.59  INFO	ru.sfedu.mavenproject.Main:23 - Java launched from /usr/lib/jvm/java-8-openjdk-amd64/jre
10.19:08.50.59  INFO	ru.sfedu.mavenproject.Main:24 - User Home Directory: /home/khadzhimurad
10.19:08.50.59  INFO	ru.sfedu.mavenproject.Main:25 - Java Class :/usr/lib/jvm/java-1.8.0-openjdk-amd64/jre/lib/charsets.jar:/usr/lib/jvm/java-1.8.0-openjdk-amd64/jre/lib/ext/cldrdata.jar:/usr/lib/jvm/java-1.8.0-openjdk-amd64/jre/lib/ext/dnsns.jar:/usr/lib/jvm/java-1.8.0-openjdk-amd64/jre/lib/ext/icedtea-sound.jar:/usr/lib/jvm/java-1.8.0-openjdk-amd64/jre/lib/ext/jaccess.jar:/usr/lib/jvm/java-1.8.0-openjdk-amd64/jre/lib/ext/localedata.jar:/usr/lib/jvm/java-1.8.0-openjdk-amd64/jre/lib/ext/nashorn.jar:/usr/lib/jvm/java-1.8.0-openjdk-amd64/jre/lib/ext/sunec.jar:/usr/lib/jvm/java-1.8.0-openjdk-amd64/jre/lib/ext/sunjce_provider.jar:/usr/lib/jvm/java-1.8.0-openjdk-amd64/jre/lib/ext/sunpkcs11.jar:/usr/lib/jvm/java-1.8.0-openjdk-amd64/jre/lib/ext/zipfs.jar:/usr/lib/jvm/java-1.8.0-openjdk-amd64/jre/lib/jce.jar:/usr/lib/jvm/java-1.8.0-openjdk-amd64/jre/lib/jsse.jar:/usr/lib/jvm/java-1.8.0-openjdk-amd64/jre/lib/management-agent.jar:/usr/lib/jvm/java-1.8.0-openjdk-amd64/jre/lib/resources.jar:/usr/lib/jvm/java-1.8.0-openjdk-amd64/jre/lib/rt.jar:/home/khadzhimurad/IdeaProjects/01/target/classes:/home/khadzhimurad/.m2/repository/org/apache/logging/log4j/log4j-core/2.13.3/log4j-core-2.13.3.jar:/home/khadzhimurad/.m2/repository/org/apache/logging/log4j/log4j-api/2.13.3/log4j-api-2.13.3.jar:/home/khadzhimurad/Downloads/idea-IC-202.6948.69/lib/idea_rt.jar
10.19:08.50.59  INFO	ru.sfedu.mavenproject.Main:26 - Java Library: /usr/java/packages/lib/amd64:/usr/lib/x86_64-linux-gnu/jni:/lib/x86_64-linux-gnu:/usr/lib/x86_64-linux-gnu:/usr/lib/jni:/lib:/usr/lib
10.19:08.50.59  INFO	ru.sfedu.mavenproject.Main:27 - Test INFO logging.
10.19:08.50.59 ERROR	ru.sfedu.mavenproject.Main:33 - THIS IS ERROR
10.19:08.51.30 DEBUG	ru.sfedu.mavenproject.Main:31 - NAME
10.19:08.51.30 DEBUG	ru.sfedu.mavenproject.Main:18 - "path"
10.19:08.51.30  INFO	ru.sfedu.mavenproject.Main:19 - Launching application:
10.19:08.51.30  INFO	ru.sfedu.mavenproject.Main:20 - Operating System Linux 5.4.0-47-generic
10.19:08.51.30  INFO	ru.sfedu.mavenproject.Main:22 - JRE version 1.8.0_265
10.19:08.51.30  INFO	ru.sfedu.mavenproject.Main:23 - Java launched from /usr/lib/jvm/java-8-openjdk-amd64/jre
10.19:08.51.30  INFO	ru.sfedu.mavenproject.Main:24 - User Home Directory: /home/khadzhimurad
10.19:08.51.30  INFO	ru.sfedu.mavenproject.Main:25 - Java Class :/usr/lib/jvm/java-1.8.0-openjdk-amd64/jre/lib/charsets.jar:/usr/lib/jvm/java-1.8.0-openjdk-amd64/jre/lib/ext/cldrdata.jar:/usr/lib/jvm/java-1.8.0-openjdk-amd64/jre/lib/ext/dnsns.jar:/usr/lib/jvm/java-1.8.0-openjdk-amd64/jre/lib/ext/icedtea-sound.jar:/usr/lib/jvm/java-1.8.0-openjdk-amd64/jre/lib/ext/jaccess.jar:/usr/lib/jvm/java-1.8.0-openjdk-amd64/jre/lib/ext/localedata.jar:/usr/lib/jvm/java-1.8.0-openjdk-amd64/jre/lib/ext/nashorn.jar:/usr/lib/jvm/java-1.8.0-openjdk-amd64/jre/lib/ext/sunec.jar:/usr/lib/jvm/java-1.8.0-openjdk-amd64/jre/lib/ext/sunjce_provider.jar:/usr/lib/jvm/java-1.8.0-openjdk-amd64/jre/lib/ext/sunpkcs11.jar:/usr/lib/jvm/java-1.8.0-openjdk-amd64/jre/lib/ext/zipfs.jar:/usr/lib/jvm/java-1.8.0-openjdk-amd64/jre/lib/jce.jar:/usr/lib/jvm/java-1.8.0-openjdk-amd64/jre/lib/jsse.jar:/usr/lib/jvm/java-1.8.0-openjdk-amd64/jre/lib/management-agent.jar:/usr/lib/jvm/java-1.8.0-openjdk-amd64/jre/lib/resources.jar:/usr/lib/jvm/java-1.8.0-openjdk-amd64/jre/lib/rt.jar:/home/khadzhimurad/IdeaProjects/01/target/classes:/home/khadzhimurad/.m2/repository/org/apache/logging/log4j/log4j-core/2.13.3/log4j-core-2.13.3.jar:/home/khadzhimurad/.m2/repository/org/apache/logging/log4j/log4j-api/2.13.3/log4j-api-2.13.3.jar:/home/khadzhimurad/Downloads/idea-IC-202.6948.69/lib/idea_rt.jar
10.19:08.51.30  INFO	ru.sfedu.mavenproject.Main:26 - Java Library: /usr/java/packages/lib/amd64:/usr/lib/x86_64-linux-gnu/jni:/lib/x86_64-linux-gnu:/usr/lib/x86_64-linux-gnu:/usr/lib/jni:/lib:/usr/lib
10.19:08.51.30  INFO	ru.sfedu.mavenproject.Main:27 - Test INFO logging.
10.19:08.51.30 ERROR	ru.sfedu.mavenproject.Main:33 - THIS IS ERROR
